[init] step_timing_adaptation=True
[init] adapt_debug=True
[push] scheduled left push on base: t=4.24s, F=45.0N, dt=0.10s
[adapt-state] t=0000 step=0 phase=ds
[adapt-skip] t=0000 step=0 reason=not_single_support phase=ds
[adapt-skip] t=0005 step=0 reason=not_single_support phase=ds
[adapt-skip] t=0010 step=0 reason=not_single_support phase=ds
[adapt-skip] t=0015 step=0 reason=not_single_support phase=ds
[adapt-skip] t=0020 step=0 reason=not_single_support phase=ds
[adapt-skip] t=0025 step=0 reason=not_single_support phase=ds
[adapt-skip] t=0030 step=0 reason=not_single_support phase=ds
[adapt-skip] t=0035 step=0 reason=not_single_support phase=ds
[adapt-skip] t=0040 step=0 reason=not_single_support phase=ds
[adapt-skip] t=0045 step=0 reason=not_single_support phase=ds
[adapt-skip] t=0050 step=0 reason=not_single_support phase=ds
[adapt-skip] t=0055 step=0 reason=not_single_support phase=ds
[adapt-skip] t=0060 step=0 reason=not_single_support phase=ds
[adapt-skip] t=0065 step=0 reason=not_single_support phase=ds
[adapt-skip] t=0070 step=0 reason=not_single_support phase=ds
[adapt-skip] t=0075 step=0 reason=not_single_support phase=ds
[adapt-skip] t=0080 step=0 reason=not_single_support phase=ds
[adapt-skip] t=0085 step=0 reason=not_single_support phase=ds
[adapt-skip] t=0090 step=0 reason=not_single_support phase=ds
[adapt-skip] t=0095 step=0 reason=not_single_support phase=ds
[adapt-skip] t=0100 step=0 reason=not_single_support phase=ds
[adapt-skip] t=0105 step=0 reason=not_single_support phase=ds
[adapt-skip] t=0110 step=0 reason=not_single_support phase=ds
[adapt-skip] t=0115 step=0 reason=not_single_support phase=ds
[adapt-skip] t=0120 step=0 reason=not_single_support phase=ds
[adapt-skip] t=0125 step=0 reason=not_single_support phase=ds
[adapt-skip] t=0130 step=0 reason=not_single_support phase=ds
[adapt-skip] t=0135 step=0 reason=not_single_support phase=ds
[adapt-skip] t=0140 step=0 reason=not_single_support phase=ds
[adapt-skip] t=0145 step=0 reason=not_single_support phase=ds
[adapt-skip] t=0150 step=0 reason=not_single_support phase=ds
[adapt-skip] t=0155 step=0 reason=not_single_support phase=ds
[adapt-skip] t=0160 step=0 reason=not_single_support phase=ds
[adapt-skip] t=0165 step=0 reason=not_single_support phase=ds
[adapt-skip] t=0170 step=0 reason=not_single_support phase=ds
[adapt-skip] t=0175 step=0 reason=not_single_support phase=ds
[adapt-skip] t=0180 step=0 reason=not_single_support phase=ds
[adapt-skip] t=0185 step=0 reason=not_single_support phase=ds
[adapt-skip] t=0190 step=0 reason=not_single_support phase=ds
[adapt-skip] t=0195 step=0 reason=not_single_support phase=ds
[adapt-state] t=0200 step=1 phase=ss
[adapt-skip] t=0200 step=1 reason=warmup time_in_step=0 warmup=25
[adapt-skip] t=0205 step=1 reason=warmup time_in_step=5 warmup=25
[adapt-skip] t=0210 step=1 reason=warmup time_in_step=10 warmup=25
[adapt-skip] t=0215 step=1 reason=warmup time_in_step=15 warmup=25
[adapt-skip] t=0220 step=1 reason=warmup time_in_step=20 warmup=25
[adapt-check] t=0225 step=1 err=0.0007 err_thr=0.0040 margin=-0.0458 margin_thr=0.0200 gate_err=0.0020 activate=False
[adapt-skip] t=0225 step=1 reason=below_activation_threshold
[adapt-check] t=0230 step=1 err=0.0005 err_thr=0.0040 margin=-0.0360 margin_thr=0.0200 gate_err=0.0020 activate=False
[adapt-skip] t=0230 step=1 reason=below_activation_threshold
[adapt-check] t=0235 step=1 err=0.0005 err_thr=0.0040 margin=-0.0281 margin_thr=0.0200 gate_err=0.0020 activate=False
[adapt-skip] t=0235 step=1 reason=below_activation_threshold
[adapt-check] t=0240 step=1 err=0.0005 err_thr=0.0040 margin=-0.0219 margin_thr=0.0200 gate_err=0.0020 activate=False
[adapt-skip] t=0240 step=1 reason=below_activation_threshold
[adapt-check] t=0245 step=1 err=0.0005 err_thr=0.0040 margin=-0.0176 margin_thr=0.0200 gate_err=0.0020 activate=False
[adapt-skip] t=0245 step=1 reason=below_activation_threshold
[adapt-check] t=0250 step=1 err=0.0006 err_thr=0.0040 margin=-0.0149 margin_thr=0.0200 gate_err=0.0020 activate=False
[adapt-skip] t=0250 step=1 reason=below_activation_threshold
[adapt-check] t=0255 step=1 err=0.0006 err_thr=0.0040 margin=-0.0138 margin_thr=0.0200 gate_err=0.0020 activate=False
[adapt-skip] t=0255 step=1 reason=below_activation_threshold
[adapt-check] t=0260 step=1 err=0.0007 err_thr=0.0040 margin=-0.0143 margin_thr=0.0200 gate_err=0.0020 activate=False
[adapt-skip] t=0260 step=1 reason=below_activation_threshold
[adapt-skip] t=0265 step=1 reason=freeze_window remaining=5 freeze=8
[adapt-skip] t=0270 step=1 reason=not_single_support phase=ds
[adapt-skip] t=0275 step=1 reason=not_single_support phase=ds
[adapt-skip] t=0280 step=1 reason=not_single_support phase=ds
[adapt-skip] t=0285 step=1 reason=not_single_support phase=ds
[adapt-skip] t=0290 step=1 reason=not_single_support phase=ds
[adapt-skip] t=0295 step=1 reason=not_single_support phase=ds
[adapt-state] t=0300 step=2 phase=ss
[adapt-skip] t=0300 step=2 reason=warmup time_in_step=0 warmup=25
[adapt-skip] t=0305 step=2 reason=warmup time_in_step=5 warmup=25
[adapt-skip] t=0310 step=2 reason=warmup time_in_step=10 warmup=25
[adapt-skip] t=0315 step=2 reason=warmup time_in_step=15 warmup=25
[adapt-skip] t=0320 step=2 reason=warmup time_in_step=20 warmup=25
[adapt-check] t=0325 step=2 err=0.0002 err_thr=0.0040 margin=-0.0533 margin_thr=0.0200 gate_err=0.0020 activate=False
[adapt-skip] t=0325 step=2 reason=below_activation_threshold
[adapt-check] t=0330 step=2 err=0.0002 err_thr=0.0040 margin=-0.0402 margin_thr=0.0200 gate_err=0.0020 activate=False
[adapt-skip] t=0330 step=2 reason=below_activation_threshold
[adapt-check] t=0335 step=2 err=0.0002 err_thr=0.0040 margin=-0.0299 margin_thr=0.0200 gate_err=0.0020 activate=False
[adapt-skip] t=0335 step=2 reason=below_activation_threshold
[adapt-check] t=0340 step=2 err=0.0002 err_thr=0.0040 margin=-0.0224 margin_thr=0.0200 gate_err=0.0020 activate=False
[adapt-skip] t=0340 step=2 reason=below_activation_threshold
[adapt-check] t=0345 step=2 err=0.0002 err_thr=0.0040 margin=-0.0178 margin_thr=0.0200 gate_err=0.0020 activate=False
[adapt-skip] t=0345 step=2 reason=below_activation_threshold
[adapt-check] t=0350 step=2 err=0.0002 err_thr=0.0040 margin=-0.0160 margin_thr=0.0200 gate_err=0.0020 activate=False
[adapt-skip] t=0350 step=2 reason=below_activation_threshold
[adapt-check] t=0355 step=2 err=0.0002 err_thr=0.0040 margin=-0.0164 margin_thr=0.0200 gate_err=0.0020 activate=False
[adapt-skip] t=0355 step=2 reason=below_activation_threshold
[adapt-check] t=0360 step=2 err=0.0002 err_thr=0.0040 margin=-0.0184 margin_thr=0.0200 gate_err=0.0020 activate=False
[adapt-skip] t=0360 step=2 reason=below_activation_threshold
[adapt-skip] t=0365 step=2 reason=freeze_window remaining=5 freeze=8
[adapt-skip] t=0370 step=2 reason=not_single_support phase=ds
[adapt-skip] t=0375 step=2 reason=not_single_support phase=ds
[adapt-skip] t=0380 step=2 reason=not_single_support phase=ds
[adapt-skip] t=0385 step=2 reason=not_single_support phase=ds
[adapt-skip] t=0390 step=2 reason=not_single_support phase=ds
[adapt-skip] t=0395 step=2 reason=not_single_support phase=ds
[adapt-state] t=0400 step=3 phase=ss
[adapt-skip] t=0400 step=3 reason=warmup time_in_step=0 warmup=25
[adapt-skip] t=0405 step=3 reason=warmup time_in_step=5 warmup=25
[adapt-skip] t=0410 step=3 reason=warmup time_in_step=10 warmup=25
[adapt-skip] t=0415 step=3 reason=warmup time_in_step=15 warmup=25
[adapt-skip] t=0420 step=3 reason=warmup time_in_step=20 warmup=25
[adapt-check] t=0425 step=3 err=0.0007 err_thr=0.0040 margin=-0.0453 margin_thr=0.0200 gate_err=0.0020 activate=False
[adapt-skip] t=0425 step=3 reason=below_activation_threshold
[adapt-enter] t=0428 step=3 err=0.0021 margin=-0.0661
QP Solver failed: Error in Opti::solve [OptiNode] at .../casadi/core/optistack.cpp:217:
Error in Function::call for 'solver' [MXFunction] at .../casadi/core/function.cpp:1466:
Error in Function::call for 'solver' [MXFunction] at .../casadi/core/function.cpp:362:
Error in Function::operator() for 'solver_qpsol' [OsqpInterface] at .../casadi/core/function.cpp:1547:
.../casadi/core/conic.cpp:558: conic process failed. Set 'error_on_fail' option to false to ignore this error.
[adapt-qpfail] t=0428 step=3
[adapt-enter] t=0429 step=3 err=0.0023 margin=-0.0764
QP Solver failed: Error in Opti::solve [OptiNode] at .../casadi/core/optistack.cpp:217:
Error in Function::call for 'solver' [MXFunction] at .../casadi/core/function.cpp:1466:
Error in Function::call for 'solver' [MXFunction] at .../casadi/core/function.cpp:362:
Error in Function::operator() for 'solver_qpsol' [OsqpInterface] at .../casadi/core/function.cpp:1547:
.../casadi/core/conic.cpp:558: conic process failed. Set 'error_on_fail' option to false to ignore this error.
[adapt-qpfail] t=0429 step=3
[adapt-check] t=0430 step=3 err=0.0025 err_thr=0.0040 margin=-0.0875 margin_thr=0.0200 gate_err=0.0020 activate=True
[adapt-enter] t=0430 step=3 err=0.0025 margin=-0.0875
QP Solver failed: Error in Opti::solve [OptiNode] at .../casadi/core/optistack.cpp:217:
Error in Function::call for 'solver' [MXFunction] at .../casadi/core/function.cpp:1466:
Error in Function::call for 'solver' [MXFunction] at .../casadi/core/function.cpp:362:
Error in Function::operator() for 'solver_qpsol' [OsqpInterface] at .../casadi/core/function.cpp:1547:
.../casadi/core/conic.cpp:558: conic process failed. Set 'error_on_fail' option to false to ignore this error.
[adapt-qpfail] t=0430 step=3
[adapt-enter] t=0431 step=3 err=0.0027 margin=-0.0990
QP Solver failed: Error in Opti::solve [OptiNode] at .../casadi/core/optistack.cpp:217:
Error in Function::call for 'solver' [MXFunction] at .../casadi/core/function.cpp:1466:
Error in Function::call for 'solver' [MXFunction] at .../casadi/core/function.cpp:362:
Error in Function::operator() for 'solver_qpsol' [OsqpInterface] at .../casadi/core/function.cpp:1547:
.../casadi/core/conic.cpp:558: conic process failed. Set 'error_on_fail' option to false to ignore this error.
[adapt-qpfail] t=0431 step=3
[adapt-enter] t=0432 step=3 err=0.0029 margin=-0.1107
QP Solver failed: Error in Opti::solve [OptiNode] at .../casadi/core/optistack.cpp:217:
Error in Function::call for 'solver' [MXFunction] at .../casadi/core/function.cpp:1466:
Error in Function::call for 'solver' [MXFunction] at .../casadi/core/function.cpp:362:
Error in Function::operator() for 'solver_qpsol' [OsqpInterface] at .../casadi/core/function.cpp:1547:
.../casadi/core/conic.cpp:558: conic process failed. Set 'error_on_fail' option to false to ignore this error.
[adapt-qpfail] t=0432 step=3
[adapt-enter] t=0433 step=3 err=0.0030 margin=-0.1225
QP Solver failed: Error in Opti::solve [OptiNode] at .../casadi/core/optistack.cpp:217:
Error in Function::call for 'solver' [MXFunction] at .../casadi/core/function.cpp:1466:
Error in Function::call for 'solver' [MXFunction] at .../casadi/core/function.cpp:362:
Error in Function::operator() for 'solver_qpsol' [OsqpInterface] at .../casadi/core/function.cpp:1547:
.../casadi/core/conic.cpp:558: conic process failed. Set 'error_on_fail' option to false to ignore this error.
[adapt-qpfail] t=0433 step=3
[adapt-enter] t=0434 step=3 err=0.0031 margin=-0.1340
QP Solver failed: Error in Opti::solve [OptiNode] at .../casadi/core/optistack.cpp:217:
Error in Function::call for 'solver' [MXFunction] at .../casadi/core/function.cpp:1466:
Error in Function::call for 'solver' [MXFunction] at .../casadi/core/function.cpp:362:
Error in Function::operator() for 'solver_qpsol' [OsqpInterface] at .../casadi/core/function.cpp:1547:
.../casadi/core/conic.cpp:558: conic process failed. Set 'error_on_fail' option to false to ignore this error.
[adapt-qpfail] t=0434 step=3
[adapt-check] t=0435 step=3 err=0.0025 err_thr=0.0040 margin=-0.1429 margin_thr=0.0200 gate_err=0.0020 activate=True
[adapt-enter] t=0435 step=3 err=0.0025 margin=-0.1429
QP Solver failed: Error in Opti::solve [OptiNode] at .../casadi/core/optistack.cpp:217:
Error in Function::call for 'solver' [MXFunction] at .../casadi/core/function.cpp:1466:
Error in Function::call for 'solver' [MXFunction] at .../casadi/core/function.cpp:362:
Error in Function::operator() for 'solver_qpsol' [OsqpInterface] at .../casadi/core/function.cpp:1547:
.../casadi/core/conic.cpp:558: conic process failed. Set 'error_on_fail' option to false to ignore this error.
[adapt-qpfail] t=0435 step=3
[adapt-check] t=0440 step=3 err=0.0006 err_thr=0.0040 margin=-0.1542 margin_thr=0.0200 gate_err=0.0020 activate=False
[adapt-skip] t=0440 step=3 reason=below_activation_threshold
[adapt-check] t=0445 step=3 err=0.0003 err_thr=0.0040 margin=-0.1387 margin_thr=0.0200 gate_err=0.0020 activate=False
[adapt-skip] t=0445 step=3 reason=below_activation_threshold
[adapt-check] t=0450 step=3 err=0.0002 err_thr=0.0040 margin=-0.1210 margin_thr=0.0200 gate_err=0.0020 activate=False
[adapt-skip] t=0450 step=3 reason=below_activation_threshold
[adapt-check] t=0455 step=3 err=0.0002 err_thr=0.0040 margin=-0.1059 margin_thr=0.0200 gate_err=0.0020 activate=False
[adapt-skip] t=0455 step=3 reason=below_activation_threshold
[adapt-check] t=0460 step=3 err=0.0003 err_thr=0.0040 margin=-0.0936 margin_thr=0.0200 gate_err=0.0020 activate=False
[adapt-skip] t=0460 step=3 reason=below_activation_threshold
[adapt-skip] t=0465 step=3 reason=freeze_window remaining=5 freeze=8
[adapt-skip] t=0470 step=3 reason=not_single_support phase=ds
[adapt-skip] t=0475 step=3 reason=not_single_support phase=ds
[adapt-skip] t=0480 step=3 reason=not_single_support phase=ds
[adapt-skip] t=0485 step=3 reason=not_single_support phase=ds
[adapt-skip] t=0490 step=3 reason=not_single_support phase=ds
[adapt-skip] t=0495 step=3 reason=not_single_support phase=ds
[adapt-state] t=0500 step=4 phase=ss
[adapt-skip] t=0500 step=4 reason=warmup time_in_step=0 warmup=25
[adapt-skip] t=0505 step=4 reason=warmup time_in_step=5 warmup=25
[adapt-skip] t=0510 step=4 reason=warmup time_in_step=10 warmup=25
[adapt-skip] t=0515 step=4 reason=warmup time_in_step=15 warmup=25
[adapt-skip] t=0520 step=4 reason=warmup time_in_step=20 warmup=25
[adapt-check] t=0525 step=4 err=0.0013 err_thr=0.0040 margin=-0.2081 margin_thr=0.0200 gate_err=0.0020 activate=False
[adapt-skip] t=0525 step=4 reason=below_activation_threshold
[summary]
  profile=forward adapt=True fell=True ticks=526 sim_time=5.26s contact=rfoot
  force=45.0N duration=0.10s direction=left push_step=3 push_phase=0.35
  adapter_updates=0 activations=8 qp_failures=8 max_dcm_error=0.0031
  failure_type=RuntimeError
  failure_message=Error in Opti::solve [OptiNode] at .../casadi/core/optistack.cpp:217:
Error in Function::call for 'solver' [MXFunction] at .../casadi/core/function.cpp:1466:
Error in Function::call for 'solver' [MXFunction] at .../casadi/core/function.cpp:362:
Error in Function::operator() for 'solver_qpsol' [OsqpInterface] at .../casadi/core/function.cpp:1547:
.../casadi/core/conic.cpp:558: conic process failed. Set 'error_on_fail' option to false to ignore this error.
