[init] step_timing_adaptation=True
[init] adapt_debug=True
[push] scheduled left push on base: t=4.04s, F=50.0N, dt=0.10s
[adapt-state] t=0000 step=0 phase=ds
[adapt-skip] t=0000 step=0 reason=not_single_support phase=ds
[adapt-skip] t=0005 step=0 reason=not_single_support phase=ds
[adapt-skip] t=0010 step=0 reason=not_single_support phase=ds
[adapt-skip] t=0015 step=0 reason=not_single_support phase=ds
[adapt-skip] t=0020 step=0 reason=not_single_support phase=ds
[adapt-skip] t=0025 step=0 reason=not_single_support phase=ds
[adapt-skip] t=0030 step=0 reason=not_single_support phase=ds
[adapt-skip] t=0035 step=0 reason=not_single_support phase=ds
[adapt-skip] t=0040 step=0 reason=not_single_support phase=ds
[adapt-skip] t=0045 step=0 reason=not_single_support phase=ds
[adapt-skip] t=0050 step=0 reason=not_single_support phase=ds
[adapt-skip] t=0055 step=0 reason=not_single_support phase=ds
[adapt-skip] t=0060 step=0 reason=not_single_support phase=ds
[adapt-skip] t=0065 step=0 reason=not_single_support phase=ds
[adapt-skip] t=0070 step=0 reason=not_single_support phase=ds
[adapt-skip] t=0075 step=0 reason=not_single_support phase=ds
[adapt-skip] t=0080 step=0 reason=not_single_support phase=ds
[adapt-skip] t=0085 step=0 reason=not_single_support phase=ds
[adapt-skip] t=0090 step=0 reason=not_single_support phase=ds
[adapt-skip] t=0095 step=0 reason=not_single_support phase=ds
[adapt-skip] t=0100 step=0 reason=not_single_support phase=ds
[adapt-skip] t=0105 step=0 reason=not_single_support phase=ds
[adapt-skip] t=0110 step=0 reason=not_single_support phase=ds
[adapt-skip] t=0115 step=0 reason=not_single_support phase=ds
[adapt-skip] t=0120 step=0 reason=not_single_support phase=ds
[adapt-skip] t=0125 step=0 reason=not_single_support phase=ds
[adapt-skip] t=0130 step=0 reason=not_single_support phase=ds
[adapt-skip] t=0135 step=0 reason=not_single_support phase=ds
[adapt-skip] t=0140 step=0 reason=not_single_support phase=ds
[adapt-skip] t=0145 step=0 reason=not_single_support phase=ds
[adapt-skip] t=0150 step=0 reason=not_single_support phase=ds
[adapt-skip] t=0155 step=0 reason=not_single_support phase=ds
[adapt-skip] t=0160 step=0 reason=not_single_support phase=ds
[adapt-skip] t=0165 step=0 reason=not_single_support phase=ds
[adapt-skip] t=0170 step=0 reason=not_single_support phase=ds
[adapt-skip] t=0175 step=0 reason=not_single_support phase=ds
[adapt-skip] t=0180 step=0 reason=not_single_support phase=ds
[adapt-skip] t=0185 step=0 reason=not_single_support phase=ds
[adapt-skip] t=0190 step=0 reason=not_single_support phase=ds
[adapt-skip] t=0195 step=0 reason=not_single_support phase=ds
[adapt-state] t=0200 step=1 phase=ss
[adapt-skip] t=0200 step=1 reason=warmup time_in_step=0 warmup=20
[adapt-skip] t=0205 step=1 reason=warmup time_in_step=5 warmup=20
[adapt-skip] t=0210 step=1 reason=warmup time_in_step=10 warmup=20
[adapt-skip] t=0215 step=1 reason=warmup time_in_step=15 warmup=20
[adapt-check] t=0220 step=1 err=0.0005 err_thr=0.0020 margin=-0.0414 margin_thr=0.0200 gate_err=0.0010 activate=False
[adapt-skip] t=0220 step=1 reason=below_activation_threshold
[adapt-check] t=0225 step=1 err=0.0005 err_thr=0.0020 margin=-0.0271 margin_thr=0.0200 gate_err=0.0010 activate=False
[adapt-skip] t=0225 step=1 reason=below_activation_threshold
[adapt-check] t=0230 step=1 err=0.0007 err_thr=0.0020 margin=-0.0177 margin_thr=0.0200 gate_err=0.0010 activate=False
[adapt-skip] t=0230 step=1 reason=below_activation_threshold
[adapt-check] t=0235 step=1 err=0.0005 err_thr=0.0020 margin=-0.0119 margin_thr=0.0200 gate_err=0.0010 activate=False
[adapt-skip] t=0235 step=1 reason=below_activation_threshold
[adapt-check] t=0240 step=1 err=0.0005 err_thr=0.0020 margin=-0.0086 margin_thr=0.0200 gate_err=0.0010 activate=False
[adapt-skip] t=0240 step=1 reason=below_activation_threshold
[adapt-check] t=0245 step=1 err=0.0005 err_thr=0.0020 margin=-0.0070 margin_thr=0.0200 gate_err=0.0010 activate=False
[adapt-skip] t=0245 step=1 reason=below_activation_threshold
[adapt-check] t=0250 step=1 err=0.0006 err_thr=0.0020 margin=-0.0067 margin_thr=0.0200 gate_err=0.0010 activate=False
[adapt-skip] t=0250 step=1 reason=below_activation_threshold
[adapt-check] t=0255 step=1 err=0.0007 err_thr=0.0020 margin=-0.0077 margin_thr=0.0200 gate_err=0.0010 activate=False
[adapt-skip] t=0255 step=1 reason=below_activation_threshold
[adapt-check] t=0260 step=1 err=0.0007 err_thr=0.0020 margin=-0.0098 margin_thr=0.0200 gate_err=0.0010 activate=False
[adapt-skip] t=0260 step=1 reason=below_activation_threshold
[adapt-skip] t=0265 step=1 reason=freeze_window remaining=5 freeze=6
[adapt-skip] t=0270 step=1 reason=not_single_support phase=ds
[adapt-skip] t=0275 step=1 reason=not_single_support phase=ds
[adapt-skip] t=0280 step=1 reason=not_single_support phase=ds
[adapt-skip] t=0285 step=1 reason=not_single_support phase=ds
[adapt-skip] t=0290 step=1 reason=not_single_support phase=ds
[adapt-skip] t=0295 step=1 reason=not_single_support phase=ds
[adapt-state] t=0300 step=2 phase=ss
[adapt-skip] t=0300 step=2 reason=warmup time_in_step=0 warmup=20
[adapt-skip] t=0305 step=2 reason=warmup time_in_step=5 warmup=20
[adapt-skip] t=0310 step=2 reason=warmup time_in_step=10 warmup=20
[adapt-skip] t=0315 step=2 reason=warmup time_in_step=15 warmup=20
[adapt-check] t=0320 step=2 err=0.0008 err_thr=0.0020 margin=-0.1338 margin_thr=0.0200 gate_err=0.0010 activate=False
[adapt-skip] t=0320 step=2 reason=below_activation_threshold
[adapt-check] t=0325 step=2 err=0.0007 err_thr=0.0020 margin=-0.1169 margin_thr=0.0200 gate_err=0.0010 activate=False
[adapt-skip] t=0325 step=2 reason=below_activation_threshold
[adapt-check] t=0330 step=2 err=0.0005 err_thr=0.0020 margin=-0.0994 margin_thr=0.0200 gate_err=0.0010 activate=False
[adapt-skip] t=0330 step=2 reason=below_activation_threshold
[adapt-check] t=0335 step=2 err=0.0002 err_thr=0.0020 margin=-0.0799 margin_thr=0.0200 gate_err=0.0010 activate=False
[adapt-skip] t=0335 step=2 reason=below_activation_threshold
[adapt-check] t=0340 step=2 err=0.0002 err_thr=0.0020 margin=-0.0612 margin_thr=0.0200 gate_err=0.0010 activate=False
[adapt-skip] t=0340 step=2 reason=below_activation_threshold
[adapt-check] t=0345 step=2 err=0.0001 err_thr=0.0020 margin=-0.0475 margin_thr=0.0200 gate_err=0.0010 activate=False
[adapt-skip] t=0345 step=2 reason=below_activation_threshold
[adapt-check] t=0350 step=2 err=0.0001 err_thr=0.0020 margin=-0.0401 margin_thr=0.0200 gate_err=0.0010 activate=False
[adapt-skip] t=0350 step=2 reason=below_activation_threshold
[adapt-check] t=0355 step=2 err=0.0002 err_thr=0.0020 margin=-0.0371 margin_thr=0.0200 gate_err=0.0010 activate=False
[adapt-skip] t=0355 step=2 reason=below_activation_threshold
[adapt-check] t=0360 step=2 err=0.0002 err_thr=0.0020 margin=-0.0366 margin_thr=0.0200 gate_err=0.0010 activate=False
[adapt-skip] t=0360 step=2 reason=below_activation_threshold
[adapt-skip] t=0365 step=2 reason=freeze_window remaining=5 freeze=6
[adapt-skip] t=0370 step=2 reason=not_single_support phase=ds
[adapt-skip] t=0375 step=2 reason=not_single_support phase=ds
[adapt-skip] t=0380 step=2 reason=not_single_support phase=ds
[adapt-skip] t=0385 step=2 reason=not_single_support phase=ds
[adapt-skip] t=0390 step=2 reason=not_single_support phase=ds
[adapt-skip] t=0395 step=2 reason=not_single_support phase=ds
[adapt-state] t=0400 step=3 phase=ss
[adapt-skip] t=0400 step=3 reason=warmup time_in_step=0 warmup=20
[adapt-skip] t=0405 step=3 reason=warmup time_in_step=5 warmup=20
[adapt-skip] t=0410 step=3 reason=warmup time_in_step=10 warmup=20
[adapt-skip] t=0415 step=3 reason=warmup time_in_step=15 warmup=20
[adapt-check] t=0420 step=3 err=0.0012 err_thr=0.0020 margin=-0.3330 margin_thr=0.0200 gate_err=0.0010 activate=True
[adapt-enter] t=0420 step=3 err=0.0012 margin=-0.3330
QP Solver failed: Error in Opti::solve [OptiNode] at .../casadi/core/optistack.cpp:217:
Error in Function::call for 'solver' [MXFunction] at .../casadi/core/function.cpp:1466:
Error in Function::call for 'solver' [MXFunction] at .../casadi/core/function.cpp:362:
Error in Function::operator() for 'solver_qpsol' [OsqpInterface] at .../casadi/core/function.cpp:1547:
.../casadi/core/conic.cpp:558: conic process failed. Set 'error_on_fail' option to false to ignore this error.
[adapt-qpfail] t=0420 step=3
[adapt-enter] t=0421 step=3 err=0.0010 margin=-0.3296
QP Solver failed: Error in Opti::solve [OptiNode] at .../casadi/core/optistack.cpp:217:
Error in Function::call for 'solver' [MXFunction] at .../casadi/core/function.cpp:1466:
Error in Function::call for 'solver' [MXFunction] at .../casadi/core/function.cpp:362:
Error in Function::operator() for 'solver_qpsol' [OsqpInterface] at .../casadi/core/function.cpp:1547:
.../casadi/core/conic.cpp:558: conic process failed. Set 'error_on_fail' option to false to ignore this error.
[adapt-qpfail] t=0421 step=3
[adapt-enter] t=0423 step=3 err=0.0011 margin=-0.3188
QP Solver failed: Error in Opti::solve [OptiNode] at .../casadi/core/optistack.cpp:217:
Error in Function::call for 'solver' [MXFunction] at .../casadi/core/function.cpp:1466:
Error in Function::call for 'solver' [MXFunction] at .../casadi/core/function.cpp:362:
Error in Function::operator() for 'solver_qpsol' [OsqpInterface] at .../casadi/core/function.cpp:1547:
.../casadi/core/conic.cpp:558: conic process failed. Set 'error_on_fail' option to false to ignore this error.
[adapt-qpfail] t=0423 step=3
[adapt-enter] t=0424 step=3 err=0.0011 margin=-0.3129
QP Solver failed: Error in Opti::solve [OptiNode] at .../casadi/core/optistack.cpp:217:
Error in Function::call for 'solver' [MXFunction] at .../casadi/core/function.cpp:1466:
Error in Function::call for 'solver' [MXFunction] at .../casadi/core/function.cpp:362:
Error in Function::operator() for 'solver_qpsol' [OsqpInterface] at .../casadi/core/function.cpp:1547:
.../casadi/core/conic.cpp:558: conic process failed. Set 'error_on_fail' option to false to ignore this error.
[adapt-qpfail] t=0424 step=3
[adapt-check] t=0425 step=3 err=0.0010 err_thr=0.0020 margin=-0.3065 margin_thr=0.0200 gate_err=0.0010 activate=False
[adapt-skip] t=0425 step=3 reason=below_activation_threshold
[adapt-enter] t=0427 step=3 err=0.0011 margin=-0.2939
QP Solver failed: Error in Opti::solve [OptiNode] at .../casadi/core/optistack.cpp:217:
Error in Function::call for 'solver' [MXFunction] at .../casadi/core/function.cpp:1466:
Error in Function::call for 'solver' [MXFunction] at .../casadi/core/function.cpp:362:
Error in Function::operator() for 'solver_qpsol' [OsqpInterface] at .../casadi/core/function.cpp:1547:
.../casadi/core/conic.cpp:558: conic process failed. Set 'error_on_fail' option to false to ignore this error.
[adapt-qpfail] t=0427 step=3
[adapt-enter] t=0428 step=3 err=0.0011 margin=-0.2877
QP Solver failed: Error in Opti::solve [OptiNode] at .../casadi/core/optistack.cpp:217:
Error in Function::call for 'solver' [MXFunction] at .../casadi/core/function.cpp:1466:
Error in Function::call for 'solver' [MXFunction] at .../casadi/core/function.cpp:362:
Error in Function::operator() for 'solver_qpsol' [OsqpInterface] at .../casadi/core/function.cpp:1547:
.../casadi/core/conic.cpp:558: conic process failed. Set 'error_on_fail' option to false to ignore this error.
[adapt-qpfail] t=0428 step=3
[adapt-check] t=0430 step=3 err=0.0009 err_thr=0.0020 margin=-0.2749 margin_thr=0.0200 gate_err=0.0010 activate=False
[adapt-skip] t=0430 step=3 reason=below_activation_threshold
[adapt-enter] t=0431 step=3 err=0.0010 margin=-0.2689
QP Solver failed: Error in Opti::solve [OptiNode] at .../casadi/core/optistack.cpp:217:
Error in Function::call for 'solver' [MXFunction] at .../casadi/core/function.cpp:1466:
Error in Function::call for 'solver' [MXFunction] at .../casadi/core/function.cpp:362:
Error in Function::operator() for 'solver_qpsol' [OsqpInterface] at .../casadi/core/function.cpp:1547:
.../casadi/core/conic.cpp:558: conic process failed. Set 'error_on_fail' option to false to ignore this error.
[adapt-qpfail] t=0431 step=3
[adapt-enter] t=0432 step=3 err=0.0010 margin=-0.2631
QP Solver failed: Error in Opti::solve [OptiNode] at .../casadi/core/optistack.cpp:217:
Error in Function::call for 'solver' [MXFunction] at .../casadi/core/function.cpp:1466:
Error in Function::call for 'solver' [MXFunction] at .../casadi/core/function.cpp:362:
Error in Function::operator() for 'solver_qpsol' [OsqpInterface] at .../casadi/core/function.cpp:1547:
.../casadi/core/conic.cpp:558: conic process failed. Set 'error_on_fail' option to false to ignore this error.
[adapt-qpfail] t=0432 step=3
[adapt-enter] t=0434 step=3 err=0.0010 margin=-0.2514
QP Solver failed: Error in Opti::solve [OptiNode] at .../casadi/core/optistack.cpp:217:
Error in Function::call for 'solver' [MXFunction] at .../casadi/core/function.cpp:1466:
Error in Function::call for 'solver' [MXFunction] at .../casadi/core/function.cpp:362:
Error in Function::operator() for 'solver_qpsol' [OsqpInterface] at .../casadi/core/function.cpp:1547:
.../casadi/core/conic.cpp:558: conic process failed. Set 'error_on_fail' option to false to ignore this error.
[adapt-qpfail] t=0434 step=3
[adapt-check] t=0435 step=3 err=0.0010 err_thr=0.0020 margin=-0.2458 margin_thr=0.0200 gate_err=0.0010 activate=True
[adapt-enter] t=0435 step=3 err=0.0010 margin=-0.2458
QP Solver failed: Error in Opti::solve [OptiNode] at .../casadi/core/optistack.cpp:217:
Error in Function::call for 'solver' [MXFunction] at .../casadi/core/function.cpp:1466:
Error in Function::call for 'solver' [MXFunction] at .../casadi/core/function.cpp:362:
Error in Function::operator() for 'solver_qpsol' [OsqpInterface] at .../casadi/core/function.cpp:1547:
.../casadi/core/conic.cpp:558: conic process failed. Set 'error_on_fail' option to false to ignore this error.
[adapt-qpfail] t=0435 step=3
[adapt-enter] t=0436 step=3 err=0.0012 margin=-0.2406
QP Solver failed: Error in Opti::solve [OptiNode] at .../casadi/core/optistack.cpp:217:
Error in Function::call for 'solver' [MXFunction] at .../casadi/core/function.cpp:1466:
Error in Function::call for 'solver' [MXFunction] at .../casadi/core/function.cpp:362:
Error in Function::operator() for 'solver_qpsol' [OsqpInterface] at .../casadi/core/function.cpp:1547:
.../casadi/core/conic.cpp:558: conic process failed. Set 'error_on_fail' option to false to ignore this error.
[adapt-qpfail] t=0436 step=3
[adapt-enter] t=0437 step=3 err=0.0011 margin=-0.2352
QP Solver failed: Error in Opti::solve [OptiNode] at .../casadi/core/optistack.cpp:217:
Error in Function::call for 'solver' [MXFunction] at .../casadi/core/function.cpp:1466:
Error in Function::call for 'solver' [MXFunction] at .../casadi/core/function.cpp:362:
Error in Function::operator() for 'solver_qpsol' [OsqpInterface] at .../casadi/core/function.cpp:1547:
.../casadi/core/conic.cpp:558: conic process failed. Set 'error_on_fail' option to false to ignore this error.
[adapt-qpfail] t=0437 step=3
[adapt-enter] t=0438 step=3 err=0.0012 margin=-0.2299
QP Solver failed: Error in Opti::solve [OptiNode] at .../casadi/core/optistack.cpp:217:
Error in Function::call for 'solver' [MXFunction] at .../casadi/core/function.cpp:1466:
Error in Function::call for 'solver' [MXFunction] at .../casadi/core/function.cpp:362:
Error in Function::operator() for 'solver_qpsol' [OsqpInterface] at .../casadi/core/function.cpp:1547:
.../casadi/core/conic.cpp:558: conic process failed. Set 'error_on_fail' option to false to ignore this error.
[adapt-qpfail] t=0438 step=3
[adapt-enter] t=0439 step=3 err=0.0012 margin=-0.2249
QP Solver failed: Error in Opti::solve [OptiNode] at .../casadi/core/optistack.cpp:217:
Error in Function::call for 'solver' [MXFunction] at .../casadi/core/function.cpp:1466:
Error in Function::call for 'solver' [MXFunction] at .../casadi/core/function.cpp:362:
Error in Function::operator() for 'solver_qpsol' [OsqpInterface] at .../casadi/core/function.cpp:1547:
.../casadi/core/conic.cpp:558: conic process failed. Set 'error_on_fail' option to false to ignore this error.
[adapt-qpfail] t=0439 step=3
[adapt-check] t=0440 step=3 err=0.0013 err_thr=0.0020 margin=-0.2201 margin_thr=0.0200 gate_err=0.0010 activate=True
[adapt-enter] t=0440 step=3 err=0.0013 margin=-0.2201
QP Solver failed: Error in Opti::solve [OptiNode] at .../casadi/core/optistack.cpp:217:
Error in Function::call for 'solver' [MXFunction] at .../casadi/core/function.cpp:1466:
Error in Function::call for 'solver' [MXFunction] at .../casadi/core/function.cpp:362:
Error in Function::operator() for 'solver_qpsol' [OsqpInterface] at .../casadi/core/function.cpp:1547:
.../casadi/core/conic.cpp:558: conic process failed. Set 'error_on_fail' option to false to ignore this error.
[adapt-qpfail] t=0440 step=3
[adapt-enter] t=0441 step=3 err=0.0013 margin=-0.2154
QP Solver failed: Error in Opti::solve [OptiNode] at .../casadi/core/optistack.cpp:217:
Error in Function::call for 'solver' [MXFunction] at .../casadi/core/function.cpp:1466:
Error in Function::call for 'solver' [MXFunction] at .../casadi/core/function.cpp:362:
Error in Function::operator() for 'solver_qpsol' [OsqpInterface] at .../casadi/core/function.cpp:1547:
.../casadi/core/conic.cpp:558: conic process failed. Set 'error_on_fail' option to false to ignore this error.
[adapt-qpfail] t=0441 step=3
[adapt-enter] t=0442 step=3 err=0.0014 margin=-0.2107
QP Solver failed: Error in Opti::solve [OptiNode] at .../casadi/core/optistack.cpp:217:
Error in Function::call for 'solver' [MXFunction] at .../casadi/core/function.cpp:1466:
Error in Function::call for 'solver' [MXFunction] at .../casadi/core/function.cpp:362:
Error in Function::operator() for 'solver_qpsol' [OsqpInterface] at .../casadi/core/function.cpp:1547:
.../casadi/core/conic.cpp:558: conic process failed. Set 'error_on_fail' option to false to ignore this error.
[adapt-qpfail] t=0442 step=3
[adapt-enter] t=0443 step=3 err=0.0014 margin=-0.2062
QP Solver failed: Error in Opti::solve [OptiNode] at .../casadi/core/optistack.cpp:217:
Error in Function::call for 'solver' [MXFunction] at .../casadi/core/function.cpp:1466:
Error in Function::call for 'solver' [MXFunction] at .../casadi/core/function.cpp:362:
Error in Function::operator() for 'solver_qpsol' [OsqpInterface] at .../casadi/core/function.cpp:1547:
.../casadi/core/conic.cpp:558: conic process failed. Set 'error_on_fail' option to false to ignore this error.
[adapt-qpfail] t=0443 step=3
[adapt-enter] t=0444 step=3 err=0.0015 margin=-0.2020
QP Solver failed: Error in Opti::solve [OptiNode] at .../casadi/core/optistack.cpp:217:
Error in Function::call for 'solver' [MXFunction] at .../casadi/core/function.cpp:1466:
Error in Function::call for 'solver' [MXFunction] at .../casadi/core/function.cpp:362:
Error in Function::operator() for 'solver_qpsol' [OsqpInterface] at .../casadi/core/function.cpp:1547:
.../casadi/core/conic.cpp:558: conic process failed. Set 'error_on_fail' option to false to ignore this error.
[adapt-qpfail] t=0444 step=3
[summary]
  profile=forward adapt=True fell=True ticks=444 sim_time=4.44s contact=lfoot
  force=50.0N duration=0.10s direction=left push_step=3 push_phase=0.05
  adapter_updates=0 activations=19 qp_failures=19 max_dcm_error=0.0015
  failure_type=RuntimeError
  failure_message=Error in Opti::solve [OptiNode] at .../casadi/core/optistack.cpp:217:
Error in Function::call for 'solver' [MXFunction] at .../casadi/core/function.cpp:1466:
Error in Function::call for 'solver' [MXFunction] at .../casadi/core/function.cpp:362:
Error in Function::operator() for 'solver_qpsol' [OsqpInterface] at .../casadi/core/function.cpp:1547:
.../casadi/core/conic.cpp:558: conic process failed. Set 'error_on_fail' option to false to ignore this error.
