[init] step_timing_adaptation=True
[init] adapt_debug=True
[push] scheduled left push on base: t=4.24s, F=35.0N, dt=0.10s
[adapt-state] t=0000 step=0 phase=ds
[adapt-skip] t=0000 step=0 reason=not_single_support phase=ds
[adapt-skip] t=0005 step=0 reason=not_single_support phase=ds
[adapt-skip] t=0010 step=0 reason=not_single_support phase=ds
[adapt-skip] t=0015 step=0 reason=not_single_support phase=ds
[adapt-skip] t=0020 step=0 reason=not_single_support phase=ds
[adapt-skip] t=0025 step=0 reason=not_single_support phase=ds
[adapt-skip] t=0030 step=0 reason=not_single_support phase=ds
[adapt-skip] t=0035 step=0 reason=not_single_support phase=ds
[adapt-skip] t=0040 step=0 reason=not_single_support phase=ds
[adapt-skip] t=0045 step=0 reason=not_single_support phase=ds
[adapt-skip] t=0050 step=0 reason=not_single_support phase=ds
[adapt-skip] t=0055 step=0 reason=not_single_support phase=ds
[adapt-skip] t=0060 step=0 reason=not_single_support phase=ds
[adapt-skip] t=0065 step=0 reason=not_single_support phase=ds
[adapt-skip] t=0070 step=0 reason=not_single_support phase=ds
[adapt-skip] t=0075 step=0 reason=not_single_support phase=ds
[adapt-skip] t=0080 step=0 reason=not_single_support phase=ds
[adapt-skip] t=0085 step=0 reason=not_single_support phase=ds
[adapt-skip] t=0090 step=0 reason=not_single_support phase=ds
[adapt-skip] t=0095 step=0 reason=not_single_support phase=ds
[adapt-skip] t=0100 step=0 reason=not_single_support phase=ds
[adapt-skip] t=0105 step=0 reason=not_single_support phase=ds
[adapt-skip] t=0110 step=0 reason=not_single_support phase=ds
[adapt-skip] t=0115 step=0 reason=not_single_support phase=ds
[adapt-skip] t=0120 step=0 reason=not_single_support phase=ds
[adapt-skip] t=0125 step=0 reason=not_single_support phase=ds
[adapt-skip] t=0130 step=0 reason=not_single_support phase=ds
[adapt-skip] t=0135 step=0 reason=not_single_support phase=ds
[adapt-skip] t=0140 step=0 reason=not_single_support phase=ds
[adapt-skip] t=0145 step=0 reason=not_single_support phase=ds
[adapt-skip] t=0150 step=0 reason=not_single_support phase=ds
[adapt-skip] t=0155 step=0 reason=not_single_support phase=ds
[adapt-skip] t=0160 step=0 reason=not_single_support phase=ds
[adapt-skip] t=0165 step=0 reason=not_single_support phase=ds
[adapt-skip] t=0170 step=0 reason=not_single_support phase=ds
[adapt-skip] t=0175 step=0 reason=not_single_support phase=ds
[adapt-skip] t=0180 step=0 reason=not_single_support phase=ds
[adapt-skip] t=0185 step=0 reason=not_single_support phase=ds
[adapt-skip] t=0190 step=0 reason=not_single_support phase=ds
[adapt-skip] t=0195 step=0 reason=not_single_support phase=ds
[adapt-state] t=0200 step=1 phase=ss
[adapt-skip] t=0200 step=1 reason=warmup time_in_step=0 warmup=15
[adapt-skip] t=0205 step=1 reason=warmup time_in_step=5 warmup=15
[adapt-skip] t=0210 step=1 reason=warmup time_in_step=10 warmup=15
[adapt-check] t=0215 step=1 err=0.0012 err_thr=0.0030 margin=-0.0384 margin_thr=0.0200 gate_err=0.0020 activate=False
[adapt-skip] t=0215 step=1 reason=below_activation_threshold
[adapt-check] t=0220 step=1 err=0.0012 err_thr=0.0030 margin=-0.0136 margin_thr=0.0200 gate_err=0.0020 activate=False
[adapt-skip] t=0220 step=1 reason=below_activation_threshold
[adapt-check] t=0225 step=1 err=0.0013 err_thr=0.0030 margin=0.0075 margin_thr=0.0200 gate_err=0.0020 activate=False
[adapt-skip] t=0225 step=1 reason=below_activation_threshold
[adapt-check] t=0230 step=1 err=0.0011 err_thr=0.0030 margin=0.0258 margin_thr=0.0200 gate_err=0.0020 activate=False
[adapt-skip] t=0230 step=1 reason=below_activation_threshold
[adapt-check] t=0235 step=1 err=0.0012 err_thr=0.0030 margin=0.0413 margin_thr=0.0200 gate_err=0.0020 activate=False
[adapt-skip] t=0235 step=1 reason=below_activation_threshold
[adapt-check] t=0240 step=1 err=0.0012 err_thr=0.0030 margin=0.0418 margin_thr=0.0200 gate_err=0.0020 activate=False
[adapt-skip] t=0240 step=1 reason=below_activation_threshold
[adapt-check] t=0245 step=1 err=0.0013 err_thr=0.0030 margin=0.0423 margin_thr=0.0200 gate_err=0.0020 activate=False
[adapt-skip] t=0245 step=1 reason=below_activation_threshold
[adapt-check] t=0250 step=1 err=0.0013 err_thr=0.0030 margin=0.0426 margin_thr=0.0200 gate_err=0.0020 activate=False
[adapt-skip] t=0250 step=1 reason=below_activation_threshold
[adapt-check] t=0255 step=1 err=0.0016 err_thr=0.0030 margin=0.0430 margin_thr=0.0200 gate_err=0.0020 activate=False
[adapt-skip] t=0255 step=1 reason=below_activation_threshold
[adapt-check] t=0260 step=1 err=0.0003 err_thr=0.0030 margin=0.0433 margin_thr=0.0200 gate_err=0.0020 activate=False
[adapt-skip] t=0260 step=1 reason=below_activation_threshold
[adapt-skip] t=0265 step=1 reason=freeze_window remaining=5 freeze=8
[adapt-skip] t=0270 step=1 reason=not_single_support phase=ds
[adapt-skip] t=0275 step=1 reason=not_single_support phase=ds
[adapt-skip] t=0280 step=1 reason=not_single_support phase=ds
[adapt-skip] t=0285 step=1 reason=not_single_support phase=ds
[adapt-skip] t=0290 step=1 reason=not_single_support phase=ds
[adapt-skip] t=0295 step=1 reason=not_single_support phase=ds
[adapt-state] t=0300 step=2 phase=ss
[adapt-skip] t=0300 step=2 reason=warmup time_in_step=0 warmup=15
[adapt-skip] t=0305 step=2 reason=warmup time_in_step=5 warmup=15
[adapt-skip] t=0310 step=2 reason=warmup time_in_step=10 warmup=15
[adapt-check] t=0315 step=2 err=0.0004 err_thr=0.0030 margin=-0.2699 margin_thr=0.0200 gate_err=0.0020 activate=False
[adapt-skip] t=0315 step=2 reason=below_activation_threshold
[adapt-check] t=0320 step=2 err=0.0004 err_thr=0.0030 margin=-0.2190 margin_thr=0.0200 gate_err=0.0020 activate=False
[adapt-skip] t=0320 step=2 reason=below_activation_threshold
[adapt-check] t=0325 step=2 err=0.0004 err_thr=0.0030 margin=-0.1764 margin_thr=0.0200 gate_err=0.0020 activate=False
[adapt-skip] t=0325 step=2 reason=below_activation_threshold
[adapt-check] t=0330 step=2 err=0.0004 err_thr=0.0030 margin=-0.1409 margin_thr=0.0200 gate_err=0.0020 activate=False
[adapt-skip] t=0330 step=2 reason=below_activation_threshold
[adapt-check] t=0335 step=2 err=0.0003 err_thr=0.0030 margin=-0.1111 margin_thr=0.0200 gate_err=0.0020 activate=False
[adapt-skip] t=0335 step=2 reason=below_activation_threshold
[adapt-check] t=0340 step=2 err=0.0003 err_thr=0.0030 margin=-0.0864 margin_thr=0.0200 gate_err=0.0020 activate=False
[adapt-skip] t=0340 step=2 reason=below_activation_threshold
[adapt-check] t=0345 step=2 err=0.0003 err_thr=0.0030 margin=-0.0660 margin_thr=0.0200 gate_err=0.0020 activate=False
[adapt-skip] t=0345 step=2 reason=below_activation_threshold
[adapt-check] t=0350 step=2 err=0.0004 err_thr=0.0030 margin=-0.0493 margin_thr=0.0200 gate_err=0.0020 activate=False
[adapt-skip] t=0350 step=2 reason=below_activation_threshold
[adapt-check] t=0355 step=2 err=0.0003 err_thr=0.0030 margin=-0.0361 margin_thr=0.0200 gate_err=0.0020 activate=False
[adapt-skip] t=0355 step=2 reason=below_activation_threshold
[adapt-check] t=0360 step=2 err=0.0001 err_thr=0.0030 margin=-0.0258 margin_thr=0.0200 gate_err=0.0020 activate=False
[adapt-skip] t=0360 step=2 reason=below_activation_threshold
[adapt-skip] t=0365 step=2 reason=freeze_window remaining=5 freeze=8
[adapt-skip] t=0370 step=2 reason=not_single_support phase=ds
[adapt-skip] t=0375 step=2 reason=not_single_support phase=ds
[adapt-skip] t=0380 step=2 reason=not_single_support phase=ds
[adapt-skip] t=0385 step=2 reason=not_single_support phase=ds
[adapt-skip] t=0390 step=2 reason=not_single_support phase=ds
[adapt-skip] t=0395 step=2 reason=not_single_support phase=ds
[adapt-state] t=0400 step=3 phase=ss
[adapt-skip] t=0400 step=3 reason=warmup time_in_step=0 warmup=15
[adapt-skip] t=0405 step=3 reason=warmup time_in_step=5 warmup=15
[adapt-skip] t=0410 step=3 reason=warmup time_in_step=10 warmup=15
[adapt-check] t=0415 step=3 err=0.0003 err_thr=0.0030 margin=0.0419 margin_thr=0.0200 gate_err=0.0020 activate=False
[adapt-skip] t=0415 step=3 reason=below_activation_threshold
[adapt-check] t=0420 step=3 err=0.0003 err_thr=0.0030 margin=0.0424 margin_thr=0.0200 gate_err=0.0020 activate=False
[adapt-skip] t=0420 step=3 reason=below_activation_threshold
[adapt-check] t=0425 step=3 err=0.0003 err_thr=0.0030 margin=0.0428 margin_thr=0.0200 gate_err=0.0020 activate=False
[adapt-skip] t=0425 step=3 reason=below_activation_threshold
[adapt-check] t=0430 step=3 err=0.0019 err_thr=0.0030 margin=0.0068 margin_thr=0.0200 gate_err=0.0020 activate=False
[adapt-skip] t=0430 step=3 reason=below_activation_threshold
[adapt-enter] t=0433 step=3 err=0.0023 margin=-0.0254
[adapter] t=0433 step=3 err=0.0023 margin=-0.0254 ss:70->70 xy:(0.000,-0.100)->(-0.001,-0.051) slack=(0.0000e+00,0.0000e+00)
[adapt-skip] t=0435 step=3 reason=cooldown dt=2 cooldown=10
[adapt-skip] t=0440 step=3 reason=cooldown dt=7 cooldown=10
[adapt-check] t=0445 step=3 err=0.0001 err_thr=0.0030 margin=-0.0630 margin_thr=0.0200 gate_err=0.0020 activate=False
[adapt-skip] t=0445 step=3 reason=below_activation_threshold
[adapt-check] t=0450 step=3 err=0.0002 err_thr=0.0030 margin=-0.0534 margin_thr=0.0200 gate_err=0.0020 activate=False
[adapt-skip] t=0450 step=3 reason=below_activation_threshold
[adapt-check] t=0455 step=3 err=0.0003 err_thr=0.0030 margin=-0.0427 margin_thr=0.0200 gate_err=0.0020 activate=False
[adapt-skip] t=0455 step=3 reason=below_activation_threshold
[adapt-check] t=0460 step=3 err=0.0003 err_thr=0.0030 margin=-0.0342 margin_thr=0.0200 gate_err=0.0020 activate=False
[adapt-skip] t=0460 step=3 reason=below_activation_threshold
[adapt-skip] t=0465 step=3 reason=freeze_window remaining=5 freeze=8
[adapt-skip] t=0470 step=3 reason=not_single_support phase=ds
[adapt-skip] t=0475 step=3 reason=not_single_support phase=ds
[adapt-skip] t=0480 step=3 reason=not_single_support phase=ds
[adapt-skip] t=0485 step=3 reason=not_single_support phase=ds
[adapt-skip] t=0490 step=3 reason=not_single_support phase=ds
[adapt-skip] t=0495 step=3 reason=not_single_support phase=ds
[adapt-state] t=0500 step=4 phase=ss
[adapt-skip] t=0500 step=4 reason=warmup time_in_step=0 warmup=15
[adapt-skip] t=0505 step=4 reason=warmup time_in_step=5 warmup=15
[adapt-skip] t=0510 step=4 reason=warmup time_in_step=10 warmup=15
[adapt-check] t=0515 step=4 err=0.0001 err_thr=0.0030 margin=-0.0087 margin_thr=0.0200 gate_err=0.0020 activate=False
[adapt-skip] t=0515 step=4 reason=below_activation_threshold
[adapt-check] t=0520 step=4 err=0.0001 err_thr=0.0030 margin=-0.0079 margin_thr=0.0200 gate_err=0.0020 activate=False
[adapt-skip] t=0520 step=4 reason=below_activation_threshold
[adapt-check] t=0525 step=4 err=0.0002 err_thr=0.0030 margin=-0.0048 margin_thr=0.0200 gate_err=0.0020 activate=False
[adapt-skip] t=0525 step=4 reason=below_activation_threshold
[adapt-check] t=0530 step=4 err=0.0002 err_thr=0.0030 margin=-0.0016 margin_thr=0.0200 gate_err=0.0020 activate=False
[adapt-skip] t=0530 step=4 reason=below_activation_threshold
[adapt-check] t=0535 step=4 err=0.0004 err_thr=0.0030 margin=0.0015 margin_thr=0.0200 gate_err=0.0020 activate=False
[adapt-skip] t=0535 step=4 reason=below_activation_threshold
[adapt-check] t=0540 step=4 err=0.0004 err_thr=0.0030 margin=0.0038 margin_thr=0.0200 gate_err=0.0020 activate=False
[adapt-skip] t=0540 step=4 reason=below_activation_threshold
[adapt-check] t=0545 step=4 err=0.0005 err_thr=0.0030 margin=0.0051 margin_thr=0.0200 gate_err=0.0020 activate=False
[adapt-skip] t=0545 step=4 reason=below_activation_threshold
[adapt-check] t=0550 step=4 err=0.0005 err_thr=0.0030 margin=0.0052 margin_thr=0.0200 gate_err=0.0020 activate=False
[adapt-skip] t=0550 step=4 reason=below_activation_threshold
[adapt-check] t=0555 step=4 err=0.0007 err_thr=0.0030 margin=0.0045 margin_thr=0.0200 gate_err=0.0020 activate=False
[adapt-skip] t=0555 step=4 reason=below_activation_threshold
[adapt-check] t=0560 step=4 err=0.0007 err_thr=0.0030 margin=0.0027 margin_thr=0.0200 gate_err=0.0020 activate=False
[adapt-skip] t=0560 step=4 reason=below_activation_threshold
[adapt-skip] t=0565 step=4 reason=freeze_window remaining=5 freeze=8
[adapt-skip] t=0570 step=4 reason=not_single_support phase=ds
[adapt-skip] t=0575 step=4 reason=not_single_support phase=ds
[adapt-skip] t=0580 step=4 reason=not_single_support phase=ds
[adapt-skip] t=0585 step=4 reason=not_single_support phase=ds
[adapt-skip] t=0590 step=4 reason=not_single_support phase=ds
[adapt-skip] t=0595 step=4 reason=not_single_support phase=ds
[adapt-state] t=0600 step=5 phase=ss
[adapt-skip] t=0600 step=5 reason=warmup time_in_step=0 warmup=15
[adapt-skip] t=0605 step=5 reason=warmup time_in_step=5 warmup=15
[adapt-skip] t=0610 step=5 reason=warmup time_in_step=10 warmup=15
[adapt-check] t=0615 step=5 err=0.0009 err_thr=0.0030 margin=-0.1847 margin_thr=0.0200 gate_err=0.0020 activate=False
[adapt-skip] t=0615 step=5 reason=below_activation_threshold
[adapt-check] t=0620 step=5 err=0.0008 err_thr=0.0030 margin=-0.1476 margin_thr=0.0200 gate_err=0.0020 activate=False
[adapt-skip] t=0620 step=5 reason=below_activation_threshold
[adapt-check] t=0625 step=5 err=0.0008 err_thr=0.0030 margin=-0.1153 margin_thr=0.0200 gate_err=0.0020 activate=False
[adapt-skip] t=0625 step=5 reason=below_activation_threshold
[adapt-check] t=0630 step=5 err=0.0008 err_thr=0.0030 margin=-0.0880 margin_thr=0.0200 gate_err=0.0020 activate=False
[adapt-skip] t=0630 step=5 reason=below_activation_threshold
[adapt-check] t=0635 step=5 err=0.0007 err_thr=0.0030 margin=-0.0653 margin_thr=0.0200 gate_err=0.0020 activate=False
[adapt-skip] t=0635 step=5 reason=below_activation_threshold
[adapt-check] t=0640 step=5 err=0.0006 err_thr=0.0030 margin=-0.0470 margin_thr=0.0200 gate_err=0.0020 activate=False
[adapt-skip] t=0640 step=5 reason=below_activation_threshold
[adapt-check] t=0645 step=5 err=0.0006 err_thr=0.0030 margin=-0.0325 margin_thr=0.0200 gate_err=0.0020 activate=False
[adapt-skip] t=0645 step=5 reason=below_activation_threshold
[adapt-check] t=0650 step=5 err=0.0005 err_thr=0.0030 margin=-0.0213 margin_thr=0.0200 gate_err=0.0020 activate=False
[adapt-skip] t=0650 step=5 reason=below_activation_threshold
[adapt-check] t=0655 step=5 err=0.0004 err_thr=0.0030 margin=-0.0133 margin_thr=0.0200 gate_err=0.0020 activate=False
[adapt-skip] t=0655 step=5 reason=below_activation_threshold
[adapt-check] t=0660 step=5 err=0.0003 err_thr=0.0030 margin=-0.0077 margin_thr=0.0200 gate_err=0.0020 activate=False
[adapt-skip] t=0660 step=5 reason=below_activation_threshold
[adapt-skip] t=0665 step=5 reason=freeze_window remaining=5 freeze=8
[adapt-skip] t=0670 step=5 reason=not_single_support phase=ds
[adapt-skip] t=0675 step=5 reason=not_single_support phase=ds
[adapt-skip] t=0680 step=5 reason=not_single_support phase=ds
[adapt-skip] t=0685 step=5 reason=not_single_support phase=ds
[adapt-skip] t=0690 step=5 reason=not_single_support phase=ds
[adapt-skip] t=0695 step=5 reason=not_single_support phase=ds
[adapt-state] t=0700 step=6 phase=ss
[adapt-skip] t=0700 step=6 reason=warmup time_in_step=0 warmup=15
[adapt-skip] t=0705 step=6 reason=warmup time_in_step=5 warmup=15
[adapt-skip] t=0710 step=6 reason=warmup time_in_step=10 warmup=15
[adapt-check] t=0715 step=6 err=0.0003 err_thr=0.0030 margin=0.0382 margin_thr=0.0200 gate_err=0.0020 activate=False
[adapt-skip] t=0715 step=6 reason=below_activation_threshold
[adapt-check] t=0720 step=6 err=0.0003 err_thr=0.0030 margin=0.0392 margin_thr=0.0200 gate_err=0.0020 activate=False
[adapt-skip] t=0720 step=6 reason=below_activation_threshold
[adapt-check] t=0725 step=6 err=0.0004 err_thr=0.0030 margin=0.0401 margin_thr=0.0200 gate_err=0.0020 activate=False
[adapt-skip] t=0725 step=6 reason=below_activation_threshold
[adapt-check] t=0730 step=6 err=0.0004 err_thr=0.0030 margin=0.0409 margin_thr=0.0200 gate_err=0.0020 activate=False
[adapt-skip] t=0730 step=6 reason=below_activation_threshold
[adapt-check] t=0735 step=6 err=0.0005 err_thr=0.0030 margin=0.0415 margin_thr=0.0200 gate_err=0.0020 activate=False
[adapt-skip] t=0735 step=6 reason=below_activation_threshold
[adapt-check] t=0740 step=6 err=0.0005 err_thr=0.0030 margin=0.0420 margin_thr=0.0200 gate_err=0.0020 activate=False
[adapt-skip] t=0740 step=6 reason=below_activation_threshold
[adapt-check] t=0745 step=6 err=0.0006 err_thr=0.0030 margin=0.0425 margin_thr=0.0200 gate_err=0.0020 activate=False
[adapt-skip] t=0745 step=6 reason=below_activation_threshold
[adapt-check] t=0750 step=6 err=0.0007 err_thr=0.0030 margin=0.0428 margin_thr=0.0200 gate_err=0.0020 activate=False
[adapt-skip] t=0750 step=6 reason=below_activation_threshold
[adapt-check] t=0755 step=6 err=0.0008 err_thr=0.0030 margin=0.0431 margin_thr=0.0200 gate_err=0.0020 activate=False
[adapt-skip] t=0755 step=6 reason=below_activation_threshold
[adapt-check] t=0760 step=6 err=0.0009 err_thr=0.0030 margin=0.0398 margin_thr=0.0200 gate_err=0.0020 activate=False
[adapt-skip] t=0760 step=6 reason=below_activation_threshold
[adapt-skip] t=0765 step=6 reason=freeze_window remaining=5 freeze=8
[adapt-skip] t=0770 step=6 reason=not_single_support phase=ds
[adapt-skip] t=0775 step=6 reason=not_single_support phase=ds
[adapt-skip] t=0780 step=6 reason=not_single_support phase=ds
[adapt-skip] t=0785 step=6 reason=not_single_support phase=ds
[adapt-skip] t=0790 step=6 reason=not_single_support phase=ds
[adapt-skip] t=0795 step=6 reason=not_single_support phase=ds
[adapt-state] t=0800 step=7 phase=ss
[adapt-skip] t=0800 step=7 reason=warmup time_in_step=0 warmup=15
[adapt-skip] t=0805 step=7 reason=warmup time_in_step=5 warmup=15
[adapt-skip] t=0810 step=7 reason=warmup time_in_step=10 warmup=15
[adapt-check] t=0815 step=7 err=0.0009 err_thr=0.0030 margin=-0.2044 margin_thr=0.0200 gate_err=0.0020 activate=False
[adapt-skip] t=0815 step=7 reason=below_activation_threshold
[adapt-check] t=0820 step=7 err=0.0009 err_thr=0.0030 margin=-0.1630 margin_thr=0.0200 gate_err=0.0020 activate=False
[adapt-skip] t=0820 step=7 reason=below_activation_threshold
[adapt-check] t=0825 step=7 err=0.0009 err_thr=0.0030 margin=-0.1268 margin_thr=0.0200 gate_err=0.0020 activate=False
[adapt-skip] t=0825 step=7 reason=below_activation_threshold
[adapt-check] t=0830 step=7 err=0.0008 err_thr=0.0030 margin=-0.0966 margin_thr=0.0200 gate_err=0.0020 activate=False
[adapt-skip] t=0830 step=7 reason=below_activation_threshold
[adapt-check] t=0835 step=7 err=0.0008 err_thr=0.0030 margin=-0.0718 margin_thr=0.0200 gate_err=0.0020 activate=False
[adapt-skip] t=0835 step=7 reason=below_activation_threshold
[adapt-check] t=0840 step=7 err=0.0007 err_thr=0.0030 margin=-0.0520 margin_thr=0.0200 gate_err=0.0020 activate=False
[adapt-skip] t=0840 step=7 reason=below_activation_threshold
[adapt-check] t=0845 step=7 err=0.0006 err_thr=0.0030 margin=-0.0363 margin_thr=0.0200 gate_err=0.0020 activate=False
[adapt-skip] t=0845 step=7 reason=below_activation_threshold
[adapt-check] t=0850 step=7 err=0.0004 err_thr=0.0030 margin=-0.0239 margin_thr=0.0200 gate_err=0.0020 activate=False
[adapt-skip] t=0850 step=7 reason=below_activation_threshold
[adapt-check] t=0855 step=7 err=0.0003 err_thr=0.0030 margin=-0.0143 margin_thr=0.0200 gate_err=0.0020 activate=False
[adapt-skip] t=0855 step=7 reason=below_activation_threshold
[adapt-check] t=0860 step=7 err=0.0003 err_thr=0.0030 margin=-0.0077 margin_thr=0.0200 gate_err=0.0020 activate=False
[adapt-skip] t=0860 step=7 reason=below_activation_threshold
[adapt-skip] t=0865 step=7 reason=freeze_window remaining=5 freeze=8
[adapt-skip] t=0870 step=7 reason=not_single_support phase=ds
[adapt-skip] t=0875 step=7 reason=not_single_support phase=ds
[adapt-skip] t=0880 step=7 reason=not_single_support phase=ds
[adapt-skip] t=0885 step=7 reason=not_single_support phase=ds
[adapt-skip] t=0890 step=7 reason=not_single_support phase=ds
[adapt-skip] t=0895 step=7 reason=not_single_support phase=ds
[adapt-state] t=0900 step=8 phase=ss
[adapt-skip] t=0900 step=8 reason=warmup time_in_step=0 warmup=15
[adapt-skip] t=0905 step=8 reason=warmup time_in_step=5 warmup=15
[adapt-skip] t=0910 step=8 reason=warmup time_in_step=10 warmup=15
[adapt-check] t=0915 step=8 err=0.0003 err_thr=0.0030 margin=0.0305 margin_thr=0.0200 gate_err=0.0020 activate=False
[adapt-skip] t=0915 step=8 reason=below_activation_threshold
[adapt-check] t=0920 step=8 err=0.0003 err_thr=0.0030 margin=0.0329 margin_thr=0.0200 gate_err=0.0020 activate=False
[adapt-skip] t=0920 step=8 reason=below_activation_threshold
[adapt-check] t=0925 step=8 err=0.0003 err_thr=0.0030 margin=0.0348 margin_thr=0.0200 gate_err=0.0020 activate=False
[adapt-skip] t=0925 step=8 reason=below_activation_threshold
[adapt-check] t=0930 step=8 err=0.0004 err_thr=0.0030 margin=0.0365 margin_thr=0.0200 gate_err=0.0020 activate=False
[adapt-skip] t=0930 step=8 reason=below_activation_threshold
[adapt-check] t=0935 step=8 err=0.0004 err_thr=0.0030 margin=0.0378 margin_thr=0.0200 gate_err=0.0020 activate=False
[adapt-skip] t=0935 step=8 reason=below_activation_threshold
[adapt-check] t=0940 step=8 err=0.0005 err_thr=0.0030 margin=0.0390 margin_thr=0.0200 gate_err=0.0020 activate=False
[adapt-skip] t=0940 step=8 reason=below_activation_threshold
[adapt-check] t=0945 step=8 err=0.0006 err_thr=0.0030 margin=0.0399 margin_thr=0.0200 gate_err=0.0020 activate=False
[adapt-skip] t=0945 step=8 reason=below_activation_threshold
[adapt-check] t=0950 step=8 err=0.0006 err_thr=0.0030 margin=0.0407 margin_thr=0.0200 gate_err=0.0020 activate=False
[adapt-skip] t=0950 step=8 reason=below_activation_threshold
[adapt-check] t=0955 step=8 err=0.0007 err_thr=0.0030 margin=0.0413 margin_thr=0.0200 gate_err=0.0020 activate=False
[adapt-skip] t=0955 step=8 reason=below_activation_threshold
[adapt-check] t=0960 step=8 err=0.0008 err_thr=0.0030 margin=0.0402 margin_thr=0.0200 gate_err=0.0020 activate=False
[adapt-skip] t=0960 step=8 reason=below_activation_threshold
[adapt-skip] t=0965 step=8 reason=freeze_window remaining=5 freeze=8
[adapt-skip] t=0970 step=8 reason=not_single_support phase=ds
[adapt-skip] t=0975 step=8 reason=not_single_support phase=ds
[adapt-skip] t=0980 step=8 reason=not_single_support phase=ds
[adapt-skip] t=0985 step=8 reason=not_single_support phase=ds
[adapt-skip] t=0990 step=8 reason=not_single_support phase=ds
[adapt-skip] t=0995 step=8 reason=not_single_support phase=ds
[adapt-state] t=1000 step=9 phase=ss
[adapt-skip] t=1000 step=9 reason=warmup time_in_step=0 warmup=15
[adapt-skip] t=1005 step=9 reason=warmup time_in_step=5 warmup=15
[adapt-skip] t=1010 step=9 reason=warmup time_in_step=10 warmup=15
[adapt-check] t=1015 step=9 err=0.0010 err_thr=0.0030 margin=-0.2097 margin_thr=0.0200 gate_err=0.0020 activate=False
[adapt-skip] t=1015 step=9 reason=below_activation_threshold
[adapt-check] t=1020 step=9 err=0.0010 err_thr=0.0030 margin=-0.1673 margin_thr=0.0200 gate_err=0.0020 activate=False
[adapt-skip] t=1020 step=9 reason=below_activation_threshold
[adapt-check] t=1025 step=9 err=0.0009 err_thr=0.0030 margin=-0.1303 margin_thr=0.0200 gate_err=0.0020 activate=False
[adapt-skip] t=1025 step=9 reason=below_activation_threshold
[adapt-check] t=1030 step=9 err=0.0008 err_thr=0.0030 margin=-0.0993 margin_thr=0.0200 gate_err=0.0020 activate=False
[adapt-skip] t=1030 step=9 reason=below_activation_threshold
[adapt-check] t=1035 step=9 err=0.0008 err_thr=0.0030 margin=-0.0740 margin_thr=0.0200 gate_err=0.0020 activate=False
[adapt-skip] t=1035 step=9 reason=below_activation_threshold
[adapt-check] t=1040 step=9 err=0.0008 err_thr=0.0030 margin=-0.0538 margin_thr=0.0200 gate_err=0.0020 activate=False
[adapt-skip] t=1040 step=9 reason=below_activation_threshold
[adapt-check] t=1045 step=9 err=0.0006 err_thr=0.0030 margin=-0.0377 margin_thr=0.0200 gate_err=0.0020 activate=False
[adapt-skip] t=1045 step=9 reason=below_activation_threshold
[adapt-check] t=1050 step=9 err=0.0004 err_thr=0.0030 margin=-0.0250 margin_thr=0.0200 gate_err=0.0020 activate=False
[adapt-skip] t=1050 step=9 reason=below_activation_threshold
[adapt-check] t=1055 step=9 err=0.0003 err_thr=0.0030 margin=-0.0152 margin_thr=0.0200 gate_err=0.0020 activate=False
[adapt-skip] t=1055 step=9 reason=below_activation_threshold
[adapt-check] t=1060 step=9 err=0.0003 err_thr=0.0030 margin=-0.0084 margin_thr=0.0200 gate_err=0.0020 activate=False
[adapt-skip] t=1060 step=9 reason=below_activation_threshold
[adapt-skip] t=1065 step=9 reason=freeze_window remaining=5 freeze=8
[adapt-skip] t=1070 step=9 reason=not_single_support phase=ds
[adapt-skip] t=1075 step=9 reason=not_single_support phase=ds
[adapt-skip] t=1080 step=9 reason=not_single_support phase=ds
[adapt-skip] t=1085 step=9 reason=not_single_support phase=ds
[adapt-skip] t=1090 step=9 reason=not_single_support phase=ds
[adapt-skip] t=1095 step=9 reason=not_single_support phase=ds
[adapt-state] t=1100 step=10 phase=ss
[adapt-skip] t=1100 step=10 reason=warmup time_in_step=0 warmup=15
[adapt-skip] t=1105 step=10 reason=warmup time_in_step=5 warmup=15
[adapt-skip] t=1110 step=10 reason=warmup time_in_step=10 warmup=15
[adapt-check] t=1115 step=10 err=0.0003 err_thr=0.0030 margin=0.0272 margin_thr=0.0200 gate_err=0.0020 activate=False
[adapt-skip] t=1115 step=10 reason=below_activation_threshold
[adapt-check] t=1120 step=10 err=0.0003 err_thr=0.0030 margin=0.0302 margin_thr=0.0200 gate_err=0.0020 activate=False
[adapt-skip] t=1120 step=10 reason=below_activation_threshold
[adapt-check] t=1125 step=10 err=0.0003 err_thr=0.0030 margin=0.0327 margin_thr=0.0200 gate_err=0.0020 activate=False
[adapt-skip] t=1125 step=10 reason=below_activation_threshold
[adapt-check] t=1130 step=10 err=0.0004 err_thr=0.0030 margin=0.0348 margin_thr=0.0200 gate_err=0.0020 activate=False
[adapt-skip] t=1130 step=10 reason=below_activation_threshold
[adapt-check] t=1135 step=10 err=0.0005 err_thr=0.0030 margin=0.0365 margin_thr=0.0200 gate_err=0.0020 activate=False
[adapt-skip] t=1135 step=10 reason=below_activation_threshold
[adapt-check] t=1140 step=10 err=0.0005 err_thr=0.0030 margin=0.0379 margin_thr=0.0200 gate_err=0.0020 activate=False
[adapt-skip] t=1140 step=10 reason=below_activation_threshold
[adapt-check] t=1145 step=10 err=0.0006 err_thr=0.0030 margin=0.0390 margin_thr=0.0200 gate_err=0.0020 activate=False
[adapt-skip] t=1145 step=10 reason=below_activation_threshold
[adapt-check] t=1150 step=10 err=0.0007 err_thr=0.0030 margin=0.0400 margin_thr=0.0200 gate_err=0.0020 activate=False
[adapt-skip] t=1150 step=10 reason=below_activation_threshold
[adapt-check] t=1155 step=10 err=0.0008 err_thr=0.0030 margin=0.0407 margin_thr=0.0200 gate_err=0.0020 activate=False
[adapt-skip] t=1155 step=10 reason=below_activation_threshold
[adapt-check] t=1160 step=10 err=0.0009 err_thr=0.0030 margin=0.0402 margin_thr=0.0200 gate_err=0.0020 activate=False
[adapt-skip] t=1160 step=10 reason=below_activation_threshold
[adapt-skip] t=1165 step=10 reason=freeze_window remaining=5 freeze=8
[adapt-skip] t=1170 step=10 reason=not_single_support phase=ds
[adapt-skip] t=1175 step=10 reason=not_single_support phase=ds
[adapt-skip] t=1180 step=10 reason=not_single_support phase=ds
[adapt-skip] t=1185 step=10 reason=not_single_support phase=ds
[adapt-skip] t=1190 step=10 reason=not_single_support phase=ds
[adapt-skip] t=1195 step=10 reason=not_single_support phase=ds
[adapt-state] t=1200 step=11 phase=ss
[adapt-skip] t=1200 step=11 reason=warmup time_in_step=0 warmup=15
[adapt-skip] t=1205 step=11 reason=warmup time_in_step=5 warmup=15
[adapt-skip] t=1210 step=11 reason=warmup time_in_step=10 warmup=15
[adapt-check] t=1215 step=11 err=0.0010 err_thr=0.0030 margin=-0.2098 margin_thr=0.0200 gate_err=0.0020 activate=False
[adapt-skip] t=1215 step=11 reason=below_activation_threshold
[adapt-check] t=1220 step=11 err=0.0010 err_thr=0.0030 margin=-0.1675 margin_thr=0.0200 gate_err=0.0020 activate=False
[adapt-skip] t=1220 step=11 reason=below_activation_threshold
[adapt-check] t=1225 step=11 err=0.0009 err_thr=0.0030 margin=-0.1304 margin_thr=0.0200 gate_err=0.0020 activate=False
[adapt-skip] t=1225 step=11 reason=below_activation_threshold
[adapt-check] t=1230 step=11 err=0.0008 err_thr=0.0030 margin=-0.0994 margin_thr=0.0200 gate_err=0.0020 activate=False
[adapt-skip] t=1230 step=11 reason=below_activation_threshold
[adapt-check] t=1235 step=11 err=0.0008 err_thr=0.0030 margin=-0.0741 margin_thr=0.0200 gate_err=0.0020 activate=False
[adapt-skip] t=1235 step=11 reason=below_activation_threshold
[adapt-check] t=1240 step=11 err=0.0008 err_thr=0.0030 margin=-0.0538 margin_thr=0.0200 gate_err=0.0020 activate=False
[adapt-skip] t=1240 step=11 reason=below_activation_threshold
[adapt-check] t=1245 step=11 err=0.0005 err_thr=0.0030 margin=-0.0378 margin_thr=0.0200 gate_err=0.0020 activate=False
[adapt-skip] t=1245 step=11 reason=below_activation_threshold
[adapt-check] t=1250 step=11 err=0.0004 err_thr=0.0030 margin=-0.0250 margin_thr=0.0200 gate_err=0.0020 activate=False
[adapt-skip] t=1250 step=11 reason=below_activation_threshold
[adapt-check] t=1255 step=11 err=0.0003 err_thr=0.0030 margin=-0.0153 margin_thr=0.0200 gate_err=0.0020 activate=False
[adapt-skip] t=1255 step=11 reason=below_activation_threshold
[adapt-check] t=1260 step=11 err=0.0003 err_thr=0.0030 margin=-0.0084 margin_thr=0.0200 gate_err=0.0020 activate=False
[adapt-skip] t=1260 step=11 reason=below_activation_threshold
[adapt-skip] t=1265 step=11 reason=freeze_window remaining=5 freeze=8
[adapt-skip] t=1270 step=11 reason=not_single_support phase=ds
[adapt-skip] t=1275 step=11 reason=not_single_support phase=ds
[adapt-skip] t=1280 step=11 reason=not_single_support phase=ds
[adapt-skip] t=1285 step=11 reason=not_single_support phase=ds
[adapt-skip] t=1290 step=11 reason=not_single_support phase=ds
[adapt-skip] t=1295 step=11 reason=not_single_support phase=ds
[adapt-state] t=1300 step=12 phase=ss
[adapt-skip] t=1300 step=12 reason=warmup time_in_step=0 warmup=15
[adapt-skip] t=1305 step=12 reason=warmup time_in_step=5 warmup=15
[adapt-skip] t=1310 step=12 reason=warmup time_in_step=10 warmup=15
[adapt-check] t=1315 step=12 err=0.0003 err_thr=0.0030 margin=0.0262 margin_thr=0.0200 gate_err=0.0020 activate=False
[adapt-skip] t=1315 step=12 reason=below_activation_threshold
[adapt-check] t=1320 step=12 err=0.0003 err_thr=0.0030 margin=0.0294 margin_thr=0.0200 gate_err=0.0020 activate=False
[adapt-skip] t=1320 step=12 reason=below_activation_threshold
[adapt-check] t=1325 step=12 err=0.0003 err_thr=0.0030 margin=0.0321 margin_thr=0.0200 gate_err=0.0020 activate=False
[adapt-skip] t=1325 step=12 reason=below_activation_threshold
[adapt-check] t=1330 step=12 err=0.0004 err_thr=0.0030 margin=0.0342 margin_thr=0.0200 gate_err=0.0020 activate=False
[adapt-skip] t=1330 step=12 reason=below_activation_threshold
[adapt-check] t=1335 step=12 err=0.0004 err_thr=0.0030 margin=0.0360 margin_thr=0.0200 gate_err=0.0020 activate=False
[adapt-skip] t=1335 step=12 reason=below_activation_threshold
[adapt-check] t=1340 step=12 err=0.0005 err_thr=0.0030 margin=0.0375 margin_thr=0.0200 gate_err=0.0020 activate=False
[adapt-skip] t=1340 step=12 reason=below_activation_threshold
[adapt-check] t=1345 step=12 err=0.0006 err_thr=0.0030 margin=0.0388 margin_thr=0.0200 gate_err=0.0020 activate=False
[adapt-skip] t=1345 step=12 reason=below_activation_threshold
[adapt-check] t=1350 step=12 err=0.0007 err_thr=0.0030 margin=0.0397 margin_thr=0.0200 gate_err=0.0020 activate=False
[adapt-skip] t=1350 step=12 reason=below_activation_threshold
[adapt-check] t=1355 step=12 err=0.0008 err_thr=0.0030 margin=0.0405 margin_thr=0.0200 gate_err=0.0020 activate=False
[adapt-skip] t=1355 step=12 reason=below_activation_threshold
[adapt-check] t=1360 step=12 err=0.0009 err_thr=0.0030 margin=0.0403 margin_thr=0.0200 gate_err=0.0020 activate=False
[adapt-skip] t=1360 step=12 reason=below_activation_threshold
[adapt-skip] t=1365 step=12 reason=freeze_window remaining=5 freeze=8
[adapt-skip] t=1370 step=12 reason=not_single_support phase=ds
[adapt-skip] t=1375 step=12 reason=not_single_support phase=ds
[adapt-skip] t=1380 step=12 reason=not_single_support phase=ds
[adapt-skip] t=1385 step=12 reason=not_single_support phase=ds
[adapt-skip] t=1390 step=12 reason=not_single_support phase=ds
[adapt-skip] t=1395 step=12 reason=not_single_support phase=ds
[summary]
  profile=inplace adapt=True fell=False ticks=1400 sim_time=14.00s contact=ds
  force=35.0N duration=0.10s direction=left push_step=3 push_phase=0.35
  adapter_updates=1 activations=1 qp_failures=0 max_dcm_error=0.0023
