[init] step_timing_adaptation=True
[init] adapt_debug=True
[push] scheduled left push: t=4.38s, F=35.0N, dt=0.10s
[adapt-state] t=0000 step=0 phase=ds
[adapt-skip] t=0000 step=0 reason=not_single_support phase=ds
[adapt-skip] t=0005 step=0 reason=not_single_support phase=ds
[adapt-skip] t=0010 step=0 reason=not_single_support phase=ds
[adapt-skip] t=0015 step=0 reason=not_single_support phase=ds
[adapt-skip] t=0020 step=0 reason=not_single_support phase=ds
[adapt-skip] t=0025 step=0 reason=not_single_support phase=ds
[adapt-skip] t=0030 step=0 reason=not_single_support phase=ds
[adapt-skip] t=0035 step=0 reason=not_single_support phase=ds
[adapt-skip] t=0040 step=0 reason=not_single_support phase=ds
[adapt-skip] t=0045 step=0 reason=not_single_support phase=ds
[adapt-skip] t=0050 step=0 reason=not_single_support phase=ds
[adapt-skip] t=0055 step=0 reason=not_single_support phase=ds
[adapt-skip] t=0060 step=0 reason=not_single_support phase=ds
[adapt-skip] t=0065 step=0 reason=not_single_support phase=ds
[adapt-skip] t=0070 step=0 reason=not_single_support phase=ds
[adapt-skip] t=0075 step=0 reason=not_single_support phase=ds
[adapt-skip] t=0080 step=0 reason=not_single_support phase=ds
[adapt-skip] t=0085 step=0 reason=not_single_support phase=ds
[adapt-skip] t=0090 step=0 reason=not_single_support phase=ds
[adapt-skip] t=0095 step=0 reason=not_single_support phase=ds
[adapt-skip] t=0100 step=0 reason=not_single_support phase=ds
[adapt-skip] t=0105 step=0 reason=not_single_support phase=ds
[adapt-skip] t=0110 step=0 reason=not_single_support phase=ds
[adapt-skip] t=0115 step=0 reason=not_single_support phase=ds
[adapt-skip] t=0120 step=0 reason=not_single_support phase=ds
[adapt-skip] t=0125 step=0 reason=not_single_support phase=ds
[adapt-skip] t=0130 step=0 reason=not_single_support phase=ds
[adapt-skip] t=0135 step=0 reason=not_single_support phase=ds
[adapt-skip] t=0140 step=0 reason=not_single_support phase=ds
[adapt-skip] t=0145 step=0 reason=not_single_support phase=ds
[adapt-skip] t=0150 step=0 reason=not_single_support phase=ds
[adapt-skip] t=0155 step=0 reason=not_single_support phase=ds
[adapt-skip] t=0160 step=0 reason=not_single_support phase=ds
[adapt-skip] t=0165 step=0 reason=not_single_support phase=ds
[adapt-skip] t=0170 step=0 reason=not_single_support phase=ds
[adapt-skip] t=0175 step=0 reason=not_single_support phase=ds
[adapt-skip] t=0180 step=0 reason=not_single_support phase=ds
[adapt-skip] t=0185 step=0 reason=not_single_support phase=ds
[adapt-skip] t=0190 step=0 reason=not_single_support phase=ds
[adapt-skip] t=0195 step=0 reason=not_single_support phase=ds
[adapt-state] t=0200 step=1 phase=ss
[adapt-skip] t=0200 step=1 reason=warmup time_in_step=0 warmup=20
[adapt-skip] t=0205 step=1 reason=warmup time_in_step=5 warmup=20
[adapt-skip] t=0210 step=1 reason=warmup time_in_step=10 warmup=20
[adapt-skip] t=0215 step=1 reason=warmup time_in_step=15 warmup=20
[adapt-check] t=0220 step=1 err=0.0012 err_thr=0.0020 margin=-0.0573 margin_thr=0.0200 gate_err=0.0010 activate=True
[adapt-enter] t=0220 step=1 err=0.0012 margin=-0.0573
[adapter] t=0220 step=1 err=0.0012 margin=-0.0573 ss:70->70 xy:(0.000,-0.100)->(-0.004,-0.163) slack=(0.0000e+00,0.0000e+00)
[adapt-skip] t=0225 step=1 reason=cooldown dt=5 cooldown=12
[adapt-skip] t=0230 step=1 reason=cooldown dt=10 cooldown=12
[adapt-check] t=0235 step=1 err=0.0008 err_thr=0.0020 margin=-0.0066 margin_thr=0.0200 gate_err=0.0010 activate=False
[adapt-skip] t=0235 step=1 reason=below_activation_threshold
[adapt-check] t=0240 step=1 err=0.0008 err_thr=0.0020 margin=0.0048 margin_thr=0.0200 gate_err=0.0010 activate=False
[adapt-skip] t=0240 step=1 reason=below_activation_threshold
[adapt-check] t=0245 step=1 err=0.0005 err_thr=0.0020 margin=0.0123 margin_thr=0.0200 gate_err=0.0010 activate=False
[adapt-skip] t=0245 step=1 reason=below_activation_threshold
[adapt-check] t=0250 step=1 err=0.0002 err_thr=0.0020 margin=0.0124 margin_thr=0.0200 gate_err=0.0010 activate=False
[adapt-skip] t=0250 step=1 reason=below_activation_threshold
[adapt-check] t=0255 step=1 err=0.0002 err_thr=0.0020 margin=0.0123 margin_thr=0.0200 gate_err=0.0010 activate=False
[adapt-skip] t=0255 step=1 reason=below_activation_threshold
[adapt-check] t=0260 step=1 err=0.0003 err_thr=0.0020 margin=0.0123 margin_thr=0.0200 gate_err=0.0010 activate=False
[adapt-skip] t=0260 step=1 reason=below_activation_threshold
[adapt-skip] t=0265 step=1 reason=freeze_window remaining=5 freeze=6
[adapt-skip] t=0270 step=1 reason=not_single_support phase=ds
[adapt-skip] t=0275 step=1 reason=not_single_support phase=ds
[adapt-skip] t=0280 step=1 reason=not_single_support phase=ds
[adapt-skip] t=0285 step=1 reason=not_single_support phase=ds
[adapt-skip] t=0290 step=1 reason=not_single_support phase=ds
[adapt-skip] t=0295 step=1 reason=not_single_support phase=ds
[adapt-state] t=0300 step=2 phase=ss
[adapt-skip] t=0300 step=2 reason=warmup time_in_step=0 warmup=20
[adapt-skip] t=0305 step=2 reason=warmup time_in_step=5 warmup=20
[adapt-skip] t=0310 step=2 reason=warmup time_in_step=10 warmup=20
[adapt-skip] t=0315 step=2 reason=warmup time_in_step=15 warmup=20
[adapt-check] t=0320 step=2 err=0.0003 err_thr=0.0020 margin=-0.0312 margin_thr=0.0200 gate_err=0.0010 activate=False
[adapt-skip] t=0320 step=2 reason=below_activation_threshold
[adapt-check] t=0325 step=2 err=0.0002 err_thr=0.0020 margin=-0.0059 margin_thr=0.0200 gate_err=0.0010 activate=False
[adapt-skip] t=0325 step=2 reason=below_activation_threshold
[adapt-check] t=0330 step=2 err=0.0002 err_thr=0.0020 margin=0.0106 margin_thr=0.0200 gate_err=0.0010 activate=False
[adapt-skip] t=0330 step=2 reason=below_activation_threshold
[adapt-check] t=0335 step=2 err=0.0003 err_thr=0.0020 margin=0.0109 margin_thr=0.0200 gate_err=0.0010 activate=False
[adapt-skip] t=0335 step=2 reason=below_activation_threshold
[adapt-check] t=0340 step=2 err=0.0003 err_thr=0.0020 margin=0.0112 margin_thr=0.0200 gate_err=0.0010 activate=False
[adapt-skip] t=0340 step=2 reason=below_activation_threshold
[adapt-check] t=0345 step=2 err=0.0002 err_thr=0.0020 margin=0.0114 margin_thr=0.0200 gate_err=0.0010 activate=False
[adapt-skip] t=0345 step=2 reason=below_activation_threshold
[adapt-check] t=0350 step=2 err=0.0002 err_thr=0.0020 margin=0.0116 margin_thr=0.0200 gate_err=0.0010 activate=False
[adapt-skip] t=0350 step=2 reason=below_activation_threshold
[adapt-check] t=0355 step=2 err=0.0003 err_thr=0.0020 margin=0.0118 margin_thr=0.0200 gate_err=0.0010 activate=False
[adapt-skip] t=0355 step=2 reason=below_activation_threshold
[adapt-check] t=0360 step=2 err=0.0003 err_thr=0.0020 margin=0.0119 margin_thr=0.0200 gate_err=0.0010 activate=False
[adapt-skip] t=0360 step=2 reason=below_activation_threshold
[adapt-skip] t=0365 step=2 reason=freeze_window remaining=5 freeze=6
[adapt-skip] t=0370 step=2 reason=not_single_support phase=ds
[adapt-skip] t=0375 step=2 reason=not_single_support phase=ds
[adapt-skip] t=0380 step=2 reason=not_single_support phase=ds
[adapt-skip] t=0385 step=2 reason=not_single_support phase=ds
[adapt-skip] t=0390 step=2 reason=not_single_support phase=ds
[adapt-skip] t=0395 step=2 reason=not_single_support phase=ds
[adapt-state] t=0400 step=3 phase=ss
[adapt-skip] t=0400 step=3 reason=warmup time_in_step=0 warmup=20
[adapt-skip] t=0405 step=3 reason=warmup time_in_step=5 warmup=20
[adapt-skip] t=0410 step=3 reason=warmup time_in_step=10 warmup=20
[adapt-skip] t=0415 step=3 reason=warmup time_in_step=15 warmup=20
[adapt-check] t=0420 step=3 err=0.0002 err_thr=0.0020 margin=-0.0603 margin_thr=0.0200 gate_err=0.0010 activate=False
[adapt-skip] t=0420 step=3 reason=below_activation_threshold
[adapt-check] t=0425 step=3 err=0.0002 err_thr=0.0020 margin=-0.0402 margin_thr=0.0200 gate_err=0.0010 activate=False
[adapt-skip] t=0425 step=3 reason=below_activation_threshold
[adapt-check] t=0430 step=3 err=0.0002 err_thr=0.0020 margin=-0.0264 margin_thr=0.0200 gate_err=0.0010 activate=False
[adapt-skip] t=0430 step=3 reason=below_activation_threshold
[adapt-check] t=0435 step=3 err=0.0002 err_thr=0.0020 margin=-0.0175 margin_thr=0.0200 gate_err=0.0010 activate=False
void StateSet::setGlobalDefaults() ShaderPipeline disabled.
[adapt-skip] t=0435 step=3 reason=below_activation_threshold
[adapt-check] t=0440 step=3 err=0.0008 err_thr=0.0020 margin=-0.0172 margin_thr=0.0200 gate_err=0.0010 activate=False
[adapt-skip] t=0440 step=3 reason=below_activation_threshold
[adapt-enter] t=0441 step=3 err=0.0012 margin=-0.0207
[adapter] t=0441 step=3 err=0.0012 margin=-0.0207 ss:70->70 xy:(0.000,-0.100)->(0.001,-0.066) slack=(0.0000e+00,0.0000e+00)
[adapt-skip] t=0445 step=3 reason=cooldown dt=4 cooldown=12
[adapt-skip] t=0450 step=3 reason=cooldown dt=9 cooldown=12
[adapt-enter] t=0453 step=3 err=0.0024 margin=-0.0817
QP Solver failed: Error in Opti::solve [OptiNode] at .../casadi/core/optistack.cpp:217:
Error in Function::call for 'solver' [MXFunction] at .../casadi/core/function.cpp:1466:
Error in Function::call for 'solver' [MXFunction] at .../casadi/core/function.cpp:362:
Error in Function::operator() for 'solver_qpsol' [OsqpInterface] at .../casadi/core/function.cpp:1547:
.../casadi/core/conic.cpp:558: conic process failed. Set 'error_on_fail' option to false to ignore this error.
[adapt-qpfail] t=0453 step=3
[adapt-enter] t=0454 step=3 err=0.0023 margin=-0.0834
QP Solver failed: Error in Opti::solve [OptiNode] at .../casadi/core/optistack.cpp:217:
Error in Function::call for 'solver' [MXFunction] at .../casadi/core/function.cpp:1466:
Error in Function::call for 'solver' [MXFunction] at .../casadi/core/function.cpp:362:
Error in Function::operator() for 'solver_qpsol' [OsqpInterface] at .../casadi/core/function.cpp:1547:
.../casadi/core/conic.cpp:558: conic process failed. Set 'error_on_fail' option to false to ignore this error.
[adapt-qpfail] t=0454 step=3
[adapt-check] t=0455 step=3 err=0.0023 err_thr=0.0020 margin=-0.0849 margin_thr=0.0200 gate_err=0.0010 activate=True
[adapt-enter] t=0455 step=3 err=0.0023 margin=-0.0849
QP Solver failed: Error in Opti::solve [OptiNode] at .../casadi/core/optistack.cpp:217:
Error in Function::call for 'solver' [MXFunction] at .../casadi/core/function.cpp:1466:
Error in Function::call for 'solver' [MXFunction] at .../casadi/core/function.cpp:362:
Error in Function::operator() for 'solver_qpsol' [OsqpInterface] at .../casadi/core/function.cpp:1547:
.../casadi/core/conic.cpp:558: conic process failed. Set 'error_on_fail' option to false to ignore this error.
[adapt-qpfail] t=0455 step=3
[adapt-enter] t=0456 step=3 err=0.0023 margin=-0.0861
QP Solver failed: Error in Opti::solve [OptiNode] at .../casadi/core/optistack.cpp:217:
Error in Function::call for 'solver' [MXFunction] at .../casadi/core/function.cpp:1466:
Error in Function::call for 'solver' [MXFunction] at .../casadi/core/function.cpp:362:
Error in Function::operator() for 'solver_qpsol' [OsqpInterface] at .../casadi/core/function.cpp:1547:
.../casadi/core/conic.cpp:558: conic process failed. Set 'error_on_fail' option to false to ignore this error.
[adapt-qpfail] t=0456 step=3
[adapt-enter] t=0457 step=3 err=0.0020 margin=-0.0870
QP Solver failed: Error in Opti::solve [OptiNode] at .../casadi/core/optistack.cpp:217:
Error in Function::call for 'solver' [MXFunction] at .../casadi/core/function.cpp:1466:
Error in Function::call for 'solver' [MXFunction] at .../casadi/core/function.cpp:362:
Error in Function::operator() for 'solver_qpsol' [OsqpInterface] at .../casadi/core/function.cpp:1547:
.../casadi/core/conic.cpp:558: conic process failed. Set 'error_on_fail' option to false to ignore this error.
[adapt-qpfail] t=0457 step=3
[adapt-enter] t=0458 step=3 err=0.0020 margin=-0.0877
QP Solver failed: Error in Opti::solve [OptiNode] at .../casadi/core/optistack.cpp:217:
Error in Function::call for 'solver' [MXFunction] at .../casadi/core/function.cpp:1466:
Error in Function::call for 'solver' [MXFunction] at .../casadi/core/function.cpp:362:
Error in Function::operator() for 'solver_qpsol' [OsqpInterface] at .../casadi/core/function.cpp:1547:
.../casadi/core/conic.cpp:558: conic process failed. Set 'error_on_fail' option to false to ignore this error.
[adapt-qpfail] t=0458 step=3
[adapt-enter] t=0459 step=3 err=0.0020 margin=-0.0883
QP Solver failed: Error in Opti::solve [OptiNode] at .../casadi/core/optistack.cpp:217:
Error in Function::call for 'solver' [MXFunction] at .../casadi/core/function.cpp:1466:
Error in Function::call for 'solver' [MXFunction] at .../casadi/core/function.cpp:362:
Error in Function::operator() for 'solver_qpsol' [OsqpInterface] at .../casadi/core/function.cpp:1547:
.../casadi/core/conic.cpp:558: conic process failed. Set 'error_on_fail' option to false to ignore this error.
[adapt-qpfail] t=0459 step=3
[adapt-check] t=0460 step=3 err=0.0020 err_thr=0.0020 margin=-0.0887 margin_thr=0.0200 gate_err=0.0010 activate=True
[adapt-enter] t=0460 step=3 err=0.0020 margin=-0.0887
QP Solver failed: Error in Opti::solve [OptiNode] at .../casadi/core/optistack.cpp:217:
Error in Function::call for 'solver' [MXFunction] at .../casadi/core/function.cpp:1466:
Error in Function::call for 'solver' [MXFunction] at .../casadi/core/function.cpp:362:
Error in Function::operator() for 'solver_qpsol' [OsqpInterface] at .../casadi/core/function.cpp:1547:
.../casadi/core/conic.cpp:558: conic process failed. Set 'error_on_fail' option to false to ignore this error.
[adapt-qpfail] t=0460 step=3
[adapt-enter] t=0461 step=3 err=0.0017 margin=-0.0889
QP Solver failed: Error in Opti::solve [OptiNode] at .../casadi/core/optistack.cpp:217:
Error in Function::call for 'solver' [MXFunction] at .../casadi/core/function.cpp:1466:
Error in Function::call for 'solver' [MXFunction] at .../casadi/core/function.cpp:362:
Error in Function::operator() for 'solver_qpsol' [OsqpInterface] at .../casadi/core/function.cpp:1547:
.../casadi/core/conic.cpp:558: conic process failed. Set 'error_on_fail' option to false to ignore this error.
[adapt-qpfail] t=0461 step=3
[adapt-enter] t=0462 step=3 err=0.0017 margin=-0.0890
QP Solver failed: Error in Opti::solve [OptiNode] at .../casadi/core/optistack.cpp:217:
Error in Function::call for 'solver' [MXFunction] at .../casadi/core/function.cpp:1466:
Error in Function::call for 'solver' [MXFunction] at .../casadi/core/function.cpp:362:
Error in Function::operator() for 'solver_qpsol' [OsqpInterface] at .../casadi/core/function.cpp:1547:
.../casadi/core/conic.cpp:558: conic process failed. Set 'error_on_fail' option to false to ignore this error.
[adapt-qpfail] t=0462 step=3
[adapt-enter] t=0463 step=3 err=0.0017 margin=-0.0890
QP Solver failed: Error in Opti::solve [OptiNode] at .../casadi/core/optistack.cpp:217:
Error in Function::call for 'solver' [MXFunction] at .../casadi/core/function.cpp:1466:
Error in Function::call for 'solver' [MXFunction] at .../casadi/core/function.cpp:362:
Error in Function::operator() for 'solver_qpsol' [OsqpInterface] at .../casadi/core/function.cpp:1547:
.../casadi/core/conic.cpp:558: conic process failed. Set 'error_on_fail' option to false to ignore this error.
[adapt-qpfail] t=0463 step=3
[adapt-skip] t=0465 step=3 reason=freeze_window remaining=5 freeze=6
[adapt-skip] t=0470 step=3 reason=not_single_support phase=ds
[adapt-skip] t=0475 step=3 reason=not_single_support phase=ds
[adapt-skip] t=0480 step=3 reason=not_single_support phase=ds
[adapt-skip] t=0485 step=3 reason=not_single_support phase=ds
